mode: set
github.com/rookie-ninja/rk-fiber/interceptor/common.go:64.72,67.40 2 1
github.com/rookie-ninja/rk-fiber/interceptor/common.go:71.2,72.100 2 1
github.com/rookie-ninja/rk-fiber/interceptor/common.go:76.2,79.32 2 1
github.com/rookie-ninja/rk-fiber/interceptor/common.go:87.2,87.23 1 1
github.com/rookie-ninja/rk-fiber/interceptor/common.go:91.2,91.29 1 1
github.com/rookie-ninja/rk-fiber/interceptor/common.go:67.40,69.3 1 1
github.com/rookie-ninja/rk-fiber/interceptor/common.go:72.100,74.3 1 0
github.com/rookie-ninja/rk-fiber/interceptor/common.go:79.32,80.36 1 1
github.com/rookie-ninja/rk-fiber/interceptor/common.go:84.3,84.34 1 1
github.com/rookie-ninja/rk-fiber/interceptor/common.go:80.36,82.4 1 1
github.com/rookie-ninja/rk-fiber/interceptor/common.go:87.23,89.3 1 0
github.com/rookie-ninja/rk-fiber/interceptor/common.go:95.37,96.40 1 1
github.com/rookie-ninja/rk-fiber/interceptor/common.go:101.2,103.41 1 1
github.com/rookie-ninja/rk-fiber/interceptor/common.go:107.2,107.13 1 1
github.com/rookie-ninja/rk-fiber/interceptor/common.go:96.40,98.3 1 1
github.com/rookie-ninja/rk-fiber/interceptor/common.go:103.41,105.3 1 1
github.com/rookie-ninja/rk-fiber/interceptor/cors/interceptor.go:22.48,30.36 6 1
github.com/rookie-ninja/rk-fiber/interceptor/cors/interceptor.go:30.36,33.23 2 1
github.com/rookie-ninja/rk-fiber/interceptor/cors/interceptor.go:37.3,41.25 3 1
github.com/rookie-ninja/rk-fiber/interceptor/cors/interceptor.go:52.3,52.41 1 1
github.com/rookie-ninja/rk-fiber/interceptor/cors/interceptor.go:57.3,57.17 1 1
github.com/rookie-ninja/rk-fiber/interceptor/cors/interceptor.go:79.3,85.27 5 1
github.com/rookie-ninja/rk-fiber/interceptor/cors/interceptor.go:90.3,90.25 1 1
github.com/rookie-ninja/rk-fiber/interceptor/cors/interceptor.go:98.3,98.21 1 1
github.com/rookie-ninja/rk-fiber/interceptor/cors/interceptor.go:103.3,103.46 1 1
github.com/rookie-ninja/rk-fiber/interceptor/cors/interceptor.go:33.23,35.4 1 1
github.com/rookie-ninja/rk-fiber/interceptor/cors/interceptor.go:41.25,43.18 1 1
github.com/rookie-ninja/rk-fiber/interceptor/cors/interceptor.go:48.4,48.47 1 0
github.com/rookie-ninja/rk-fiber/interceptor/cors/interceptor.go:43.18,45.5 1 1
github.com/rookie-ninja/rk-fiber/interceptor/cors/interceptor.go:52.41,54.4 1 1
github.com/rookie-ninja/rk-fiber/interceptor/cors/interceptor.go:57.17,60.28 2 1
github.com/rookie-ninja/rk-fiber/interceptor/cors/interceptor.go:64.4,64.27 1 1
github.com/rookie-ninja/rk-fiber/interceptor/cors/interceptor.go:67.4,67.21 1 1
github.com/rookie-ninja/rk-fiber/interceptor/cors/interceptor.go:60.28,62.5 1 1
github.com/rookie-ninja/rk-fiber/interceptor/cors/interceptor.go:64.27,66.5 1 1
github.com/rookie-ninja/rk-fiber/interceptor/cors/interceptor.go:85.27,87.4 1 1
github.com/rookie-ninja/rk-fiber/interceptor/cors/interceptor.go:90.25,92.4 1 1
github.com/rookie-ninja/rk-fiber/interceptor/cors/interceptor.go:92.9,94.15 2 1
github.com/rookie-ninja/rk-fiber/interceptor/cors/interceptor.go:94.15,96.5 1 0
github.com/rookie-ninja/rk-fiber/interceptor/cors/interceptor.go:98.21,101.4 1 1
github.com/rookie-ninja/rk-fiber/interceptor/cors/options.go:21.41,23.3 1 1
github.com/rookie-ninja/rk-fiber/interceptor/cors/options.go:27.46,40.22 2 1
github.com/rookie-ninja/rk-fiber/interceptor/cors/options.go:44.2,44.31 1 1
github.com/rookie-ninja/rk-fiber/interceptor/cors/options.go:48.2,48.31 1 1
github.com/rookie-ninja/rk-fiber/interceptor/cors/options.go:59.2,61.45 2 1
github.com/rookie-ninja/rk-fiber/interceptor/cors/options.go:65.2,65.12 1 1
github.com/rookie-ninja/rk-fiber/interceptor/cors/options.go:40.22,42.3 1 1
github.com/rookie-ninja/rk-fiber/interceptor/cors/options.go:44.31,46.3 1 1
github.com/rookie-ninja/rk-fiber/interceptor/cors/options.go:48.31,56.3 1 1
github.com/rookie-ninja/rk-fiber/interceptor/cors/options.go:61.45,63.3 1 1
github.com/rookie-ninja/rk-fiber/interceptor/cors/options.go:107.36,110.39 2 1
github.com/rookie-ninja/rk-fiber/interceptor/cors/options.go:110.39,113.51 3 1
github.com/rookie-ninja/rk-fiber/interceptor/cors/options.go:122.3,123.65 2 1
github.com/rookie-ninja/rk-fiber/interceptor/cors/options.go:113.51,116.13 1 1
github.com/rookie-ninja/rk-fiber/interceptor/cors/options.go:120.4,120.31 1 1
github.com/rookie-ninja/rk-fiber/interceptor/cors/options.go:116.13,118.5 1 1
github.com/rookie-ninja/rk-fiber/interceptor/cors/options.go:127.65,130.44 2 1
github.com/rookie-ninja/rk-fiber/interceptor/cors/options.go:137.2,137.12 1 1
github.com/rookie-ninja/rk-fiber/interceptor/cors/options.go:130.44,132.10 2 1
github.com/rookie-ninja/rk-fiber/interceptor/cors/options.go:132.10,133.9 1 1
github.com/rookie-ninja/rk-fiber/interceptor/cors/options.go:144.63,145.30 1 1
github.com/rookie-ninja/rk-fiber/interceptor/cors/options.go:145.30,148.3 2 1
github.com/rookie-ninja/rk-fiber/interceptor/cors/options.go:152.39,153.30 1 1
github.com/rookie-ninja/rk-fiber/interceptor/cors/options.go:153.30,155.3 1 1
github.com/rookie-ninja/rk-fiber/interceptor/cors/options.go:159.49,160.30 1 1
github.com/rookie-ninja/rk-fiber/interceptor/cors/options.go:160.30,162.3 1 1
github.com/rookie-ninja/rk-fiber/interceptor/cors/options.go:166.49,167.30 1 1
github.com/rookie-ninja/rk-fiber/interceptor/cors/options.go:167.30,169.3 1 1
github.com/rookie-ninja/rk-fiber/interceptor/cors/options.go:173.49,174.30 1 1
github.com/rookie-ninja/rk-fiber/interceptor/cors/options.go:174.30,176.3 1 1
github.com/rookie-ninja/rk-fiber/interceptor/cors/options.go:180.46,181.30 1 1
github.com/rookie-ninja/rk-fiber/interceptor/cors/options.go:181.30,183.3 1 1
github.com/rookie-ninja/rk-fiber/interceptor/cors/options.go:187.50,188.30 1 1
github.com/rookie-ninja/rk-fiber/interceptor/cors/options.go:188.30,190.3 1 1
github.com/rookie-ninja/rk-fiber/interceptor/cors/options.go:194.33,195.30 1 1
github.com/rookie-ninja/rk-fiber/interceptor/cors/options.go:195.30,197.3 1 1
github.com/rookie-ninja/rk-fiber/interceptor/jwt/interceptor.go:21.48,24.36 2 1
github.com/rookie-ninja/rk-fiber/interceptor/jwt/interceptor.go:24.36,27.23 2 1
github.com/rookie-ninja/rk-fiber/interceptor/jwt/interceptor.go:32.3,34.44 3 1
github.com/rookie-ninja/rk-fiber/interceptor/jwt/interceptor.go:43.3,43.17 1 1
github.com/rookie-ninja/rk-fiber/interceptor/jwt/interceptor.go:53.3,55.17 2 1
github.com/rookie-ninja/rk-fiber/interceptor/jwt/interceptor.go:65.3,67.20 2 1
github.com/rookie-ninja/rk-fiber/interceptor/jwt/interceptor.go:27.23,29.4 1 1
github.com/rookie-ninja/rk-fiber/interceptor/jwt/interceptor.go:34.44,38.18 2 1
github.com/rookie-ninja/rk-fiber/interceptor/jwt/interceptor.go:38.18,39.10 1 1
github.com/rookie-ninja/rk-fiber/interceptor/jwt/interceptor.go:43.17,50.4 3 1
github.com/rookie-ninja/rk-fiber/interceptor/jwt/interceptor.go:55.17,62.4 3 1
github.com/rookie-ninja/rk-fiber/interceptor/jwt/options.go:23.45,25.3 1 0
github.com/rookie-ninja/rk-fiber/interceptor/jwt/options.go:50.46,66.22 4 1
github.com/rookie-ninja/rk-fiber/interceptor/jwt/options.go:70.2,71.33 2 1
github.com/rookie-ninja/rk-fiber/interceptor/jwt/options.go:85.2,85.89 1 1
github.com/rookie-ninja/rk-fiber/interceptor/jwt/options.go:103.2,103.45 1 1
github.com/rookie-ninja/rk-fiber/interceptor/jwt/options.go:107.2,107.12 1 1
github.com/rookie-ninja/rk-fiber/interceptor/jwt/options.go:66.22,68.3 1 1
github.com/rookie-ninja/rk-fiber/interceptor/jwt/options.go:71.33,74.19 2 1
github.com/rookie-ninja/rk-fiber/interceptor/jwt/options.go:75.16,76.67 1 1
github.com/rookie-ninja/rk-fiber/interceptor/jwt/options.go:77.17,78.68 1 1
github.com/rookie-ninja/rk-fiber/interceptor/jwt/options.go:79.17,80.84 1 1
github.com/rookie-ninja/rk-fiber/interceptor/jwt/options.go:85.89,86.43 1 1
github.com/rookie-ninja/rk-fiber/interceptor/jwt/options.go:86.43,87.42 1 1
github.com/rookie-ninja/rk-fiber/interceptor/jwt/options.go:91.4,93.36 2 1
github.com/rookie-ninja/rk-fiber/interceptor/jwt/options.go:99.4,99.16 1 1
github.com/rookie-ninja/rk-fiber/interceptor/jwt/options.go:87.42,89.5 1 0
github.com/rookie-ninja/rk-fiber/interceptor/jwt/options.go:93.36,94.56 1 0
github.com/rookie-ninja/rk-fiber/interceptor/jwt/options.go:94.56,96.6 1 0
github.com/rookie-ninja/rk-fiber/interceptor/jwt/options.go:103.45,105.3 1 1
github.com/rookie-ninja/rk-fiber/interceptor/jwt/options.go:176.73,178.44 1 0
github.com/rookie-ninja/rk-fiber/interceptor/jwt/options.go:184.2,184.30 1 0
github.com/rookie-ninja/rk-fiber/interceptor/jwt/options.go:194.2,194.28 1 0
github.com/rookie-ninja/rk-fiber/interceptor/jwt/options.go:178.44,180.3 1 0
github.com/rookie-ninja/rk-fiber/interceptor/jwt/options.go:184.30,185.46 1 0
github.com/rookie-ninja/rk-fiber/interceptor/jwt/options.go:190.3,190.70 1 0
github.com/rookie-ninja/rk-fiber/interceptor/jwt/options.go:185.46,186.43 1 0
github.com/rookie-ninja/rk-fiber/interceptor/jwt/options.go:186.43,188.5 1 0
github.com/rookie-ninja/rk-fiber/interceptor/jwt/options.go:197.90,202.45 3 0
github.com/rookie-ninja/rk-fiber/interceptor/jwt/options.go:212.2,212.16 1 0
github.com/rookie-ninja/rk-fiber/interceptor/jwt/options.go:217.2,217.18 1 0
github.com/rookie-ninja/rk-fiber/interceptor/jwt/options.go:221.2,221.19 1 0
github.com/rookie-ninja/rk-fiber/interceptor/jwt/options.go:202.45,204.3 1 0
github.com/rookie-ninja/rk-fiber/interceptor/jwt/options.go:204.8,209.3 3 0
github.com/rookie-ninja/rk-fiber/interceptor/jwt/options.go:212.16,214.3 1 0
github.com/rookie-ninja/rk-fiber/interceptor/jwt/options.go:217.18,219.3 1 0
github.com/rookie-ninja/rk-fiber/interceptor/jwt/options.go:228.63,229.30 1 1
github.com/rookie-ninja/rk-fiber/interceptor/jwt/options.go:229.30,232.3 2 1
github.com/rookie-ninja/rk-fiber/interceptor/jwt/options.go:236.39,237.30 1 1
github.com/rookie-ninja/rk-fiber/interceptor/jwt/options.go:237.30,239.3 1 1
github.com/rookie-ninja/rk-fiber/interceptor/jwt/options.go:243.45,244.30 1 1
github.com/rookie-ninja/rk-fiber/interceptor/jwt/options.go:244.30,245.17 1 1
github.com/rookie-ninja/rk-fiber/interceptor/jwt/options.go:245.17,247.4 1 1
github.com/rookie-ninja/rk-fiber/interceptor/jwt/options.go:252.60,253.30 1 1
github.com/rookie-ninja/rk-fiber/interceptor/jwt/options.go:253.30,254.19 1 1
github.com/rookie-ninja/rk-fiber/interceptor/jwt/options.go:254.19,256.4 1 1
github.com/rookie-ninja/rk-fiber/interceptor/jwt/options.go:262.47,263.30 1 1
github.com/rookie-ninja/rk-fiber/interceptor/jwt/options.go:263.30,264.20 1 1
github.com/rookie-ninja/rk-fiber/interceptor/jwt/options.go:264.20,266.4 1 1
github.com/rookie-ninja/rk-fiber/interceptor/jwt/options.go:271.43,272.30 1 1
github.com/rookie-ninja/rk-fiber/interceptor/jwt/options.go:272.30,274.3 1 1
github.com/rookie-ninja/rk-fiber/interceptor/jwt/options.go:287.44,288.30 1 1
github.com/rookie-ninja/rk-fiber/interceptor/jwt/options.go:288.30,289.22 1 1
github.com/rookie-ninja/rk-fiber/interceptor/jwt/options.go:289.22,291.4 1 1
github.com/rookie-ninja/rk-fiber/interceptor/jwt/options.go:297.43,298.30 1 1
github.com/rookie-ninja/rk-fiber/interceptor/jwt/options.go:298.30,299.22 1 1
github.com/rookie-ninja/rk-fiber/interceptor/jwt/options.go:299.22,301.4 1 1
github.com/rookie-ninja/rk-fiber/interceptor/jwt/options.go:307.47,308.30 1 1
github.com/rookie-ninja/rk-fiber/interceptor/jwt/options.go:308.30,310.3 1 1
github.com/rookie-ninja/rk-fiber/interceptor/jwt/options.go:314.40,315.30 1 1
github.com/rookie-ninja/rk-fiber/interceptor/jwt/options.go:315.30,317.3 1 1
github.com/rookie-ninja/rk-fiber/interceptor/jwt/options.go:321.50,322.30 1 1
github.com/rookie-ninja/rk-fiber/interceptor/jwt/options.go:322.30,324.3 1 1
github.com/rookie-ninja/rk-fiber/interceptor/jwt/options.go:328.67,329.46 1 1
github.com/rookie-ninja/rk-fiber/interceptor/jwt/options.go:329.46,332.65 3 1
github.com/rookie-ninja/rk-fiber/interceptor/jwt/options.go:335.3,335.31 1 1
github.com/rookie-ninja/rk-fiber/interceptor/jwt/options.go:332.65,334.4 1 1
github.com/rookie-ninja/rk-fiber/interceptor/jwt/options.go:340.46,341.46 1 1
github.com/rookie-ninja/rk-fiber/interceptor/jwt/options.go:341.46,343.18 2 1
github.com/rookie-ninja/rk-fiber/interceptor/jwt/options.go:346.3,346.20 1 1
github.com/rookie-ninja/rk-fiber/interceptor/jwt/options.go:343.18,345.4 1 1
github.com/rookie-ninja/rk-fiber/interceptor/jwt/options.go:351.46,352.46 1 1
github.com/rookie-ninja/rk-fiber/interceptor/jwt/options.go:352.46,355.3 2 1
github.com/rookie-ninja/rk-fiber/interceptor/auth/interceptor.go:24.48,27.36 2 1
github.com/rookie-ninja/rk-fiber/interceptor/auth/interceptor.go:27.36,33.17 3 1
github.com/rookie-ninja/rk-fiber/interceptor/auth/interceptor.go:37.3,37.20 1 1
github.com/rookie-ninja/rk-fiber/interceptor/auth/interceptor.go:33.17,35.4 1 1
github.com/rookie-ninja/rk-fiber/interceptor/auth/interceptor.go:41.51,42.26 1 1
github.com/rookie-ninja/rk-fiber/interceptor/auth/interceptor.go:46.2,49.25 3 1
github.com/rookie-ninja/rk-fiber/interceptor/auth/interceptor.go:105.2,105.12 1 1
github.com/rookie-ninja/rk-fiber/interceptor/auth/interceptor.go:42.26,44.3 1 1
github.com/rookie-ninja/rk-fiber/interceptor/auth/interceptor.go:49.25,53.23 2 1
github.com/rookie-ninja/rk-fiber/interceptor/auth/interceptor.go:61.3,61.44 1 1
github.com/rookie-ninja/rk-fiber/interceptor/auth/interceptor.go:53.23,60.4 4 1
github.com/rookie-ninja/rk-fiber/interceptor/auth/interceptor.go:61.44,62.30 1 1
github.com/rookie-ninja/rk-fiber/interceptor/auth/interceptor.go:66.4,71.19 4 1
github.com/rookie-ninja/rk-fiber/interceptor/auth/interceptor.go:62.30,64.5 1 1
github.com/rookie-ninja/rk-fiber/interceptor/auth/interceptor.go:73.8,73.34 1 1
github.com/rookie-ninja/rk-fiber/interceptor/auth/interceptor.go:73.34,75.48 1 1
github.com/rookie-ninja/rk-fiber/interceptor/auth/interceptor.go:75.48,83.4 4 1
github.com/rookie-ninja/rk-fiber/interceptor/auth/interceptor.go:84.8,86.33 2 1
github.com/rookie-ninja/rk-fiber/interceptor/auth/interceptor.go:90.3,90.26 1 1
github.com/rookie-ninja/rk-fiber/interceptor/auth/interceptor.go:94.3,102.18 5 1
github.com/rookie-ninja/rk-fiber/interceptor/auth/interceptor.go:86.33,89.4 2 0
github.com/rookie-ninja/rk-fiber/interceptor/auth/interceptor.go:90.26,92.4 1 1
github.com/rookie-ninja/rk-fiber/interceptor/auth/options.go:24.46,34.22 2 1
github.com/rookie-ninja/rk-fiber/interceptor/auth/options.go:38.2,38.45 1 1
github.com/rookie-ninja/rk-fiber/interceptor/auth/options.go:42.2,42.12 1 1
github.com/rookie-ninja/rk-fiber/interceptor/auth/options.go:34.22,36.3 1 1
github.com/rookie-ninja/rk-fiber/interceptor/auth/options.go:38.45,40.3 1 1
github.com/rookie-ninja/rk-fiber/interceptor/auth/options.go:56.62,57.18 1 1
github.com/rookie-ninja/rk-fiber/interceptor/auth/options.go:66.2,66.14 1 1
github.com/rookie-ninja/rk-fiber/interceptor/auth/options.go:58.17,60.12 2 1
github.com/rookie-ninja/rk-fiber/interceptor/auth/options.go:61.18,63.12 2 1
github.com/rookie-ninja/rk-fiber/interceptor/auth/options.go:70.55,71.95 1 1
github.com/rookie-ninja/rk-fiber/interceptor/auth/options.go:75.2,77.34 2 1
github.com/rookie-ninja/rk-fiber/interceptor/auth/options.go:83.2,83.13 1 1
github.com/rookie-ninja/rk-fiber/interceptor/auth/options.go:71.95,73.3 1 0
github.com/rookie-ninja/rk-fiber/interceptor/auth/options.go:77.34,78.54 1 1
github.com/rookie-ninja/rk-fiber/interceptor/auth/options.go:78.54,80.4 1 1
github.com/rookie-ninja/rk-fiber/interceptor/auth/options.go:90.63,91.30 1 1
github.com/rookie-ninja/rk-fiber/interceptor/auth/options.go:91.30,94.3 2 1
github.com/rookie-ninja/rk-fiber/interceptor/auth/options.go:99.57,100.30 1 1
github.com/rookie-ninja/rk-fiber/interceptor/auth/options.go:100.30,101.23 1 1
github.com/rookie-ninja/rk-fiber/interceptor/auth/options.go:105.3,105.25 1 1
github.com/rookie-ninja/rk-fiber/interceptor/auth/options.go:101.23,103.4 1 1
github.com/rookie-ninja/rk-fiber/interceptor/auth/options.go:115.43,116.30 1 1
github.com/rookie-ninja/rk-fiber/interceptor/auth/options.go:116.30,117.22 1 1
github.com/rookie-ninja/rk-fiber/interceptor/auth/options.go:117.22,119.4 1 1
github.com/rookie-ninja/rk-fiber/interceptor/auth/options.go:125.47,126.30 1 1
github.com/rookie-ninja/rk-fiber/interceptor/auth/options.go:126.30,128.3 1 1
github.com/rookie-ninja/rk-fiber/interceptor/csrf/interceptor.go:23.48,26.36 2 1
github.com/rookie-ninja/rk-fiber/interceptor/csrf/interceptor.go:26.36,30.23 2 1
github.com/rookie-ninja/rk-fiber/interceptor/csrf/interceptor.go:34.3,38.17 3 1
github.com/rookie-ninja/rk-fiber/interceptor/csrf/interceptor.go:46.3,46.23 1 1
github.com/rookie-ninja/rk-fiber/interceptor/csrf/interceptor.go:71.3,76.27 4 1
github.com/rookie-ninja/rk-fiber/interceptor/csrf/interceptor.go:80.3,80.29 1 1
github.com/rookie-ninja/rk-fiber/interceptor/csrf/interceptor.go:84.3,84.53 1 1
github.com/rookie-ninja/rk-fiber/interceptor/csrf/interceptor.go:94.3,105.20 7 1
github.com/rookie-ninja/rk-fiber/interceptor/csrf/interceptor.go:30.23,32.4 1 1
github.com/rookie-ninja/rk-fiber/interceptor/csrf/interceptor.go:38.17,40.4 1 1
github.com/rookie-ninja/rk-fiber/interceptor/csrf/interceptor.go:40.9,43.4 1 1
github.com/rookie-ninja/rk-fiber/interceptor/csrf/interceptor.go:47.78,47.78 0 1
github.com/rookie-ninja/rk-fiber/interceptor/csrf/interceptor.go:48.11,51.18 2 1
github.com/rookie-ninja/rk-fiber/interceptor/csrf/interceptor.go:61.4,61.41 1 1
github.com/rookie-ninja/rk-fiber/interceptor/csrf/interceptor.go:51.18,58.5 3 1
github.com/rookie-ninja/rk-fiber/interceptor/csrf/interceptor.go:61.41,67.5 3 1
github.com/rookie-ninja/rk-fiber/interceptor/csrf/interceptor.go:76.27,78.4 1 1
github.com/rookie-ninja/rk-fiber/interceptor/csrf/interceptor.go:80.29,82.4 1 1
github.com/rookie-ninja/rk-fiber/interceptor/csrf/interceptor.go:84.53,85.30 1 1
github.com/rookie-ninja/rk-fiber/interceptor/csrf/interceptor.go:86.31,87.51 1 0
github.com/rookie-ninja/rk-fiber/interceptor/csrf/interceptor.go:88.30,89.50 1 0
github.com/rookie-ninja/rk-fiber/interceptor/csrf/interceptor.go:90.33,91.53 1 1
github.com/rookie-ninja/rk-fiber/interceptor/csrf/options.go:21.45,23.3 1 0
github.com/rookie-ninja/rk-fiber/interceptor/csrf/options.go:40.46,53.22 2 1
github.com/rookie-ninja/rk-fiber/interceptor/csrf/options.go:58.2,58.89 1 1
github.com/rookie-ninja/rk-fiber/interceptor/csrf/options.go:77.2,79.18 3 1
github.com/rookie-ninja/rk-fiber/interceptor/csrf/options.go:84.2,84.45 1 1
github.com/rookie-ninja/rk-fiber/interceptor/csrf/options.go:88.2,88.12 1 1
github.com/rookie-ninja/rk-fiber/interceptor/csrf/options.go:53.22,55.3 1 1
github.com/rookie-ninja/rk-fiber/interceptor/csrf/options.go:58.89,59.43 1 1
github.com/rookie-ninja/rk-fiber/interceptor/csrf/options.go:59.43,60.42 1 1
github.com/rookie-ninja/rk-fiber/interceptor/csrf/options.go:64.4,66.36 2 1
github.com/rookie-ninja/rk-fiber/interceptor/csrf/options.go:72.4,72.16 1 1
github.com/rookie-ninja/rk-fiber/interceptor/csrf/options.go:60.42,62.5 1 0
github.com/rookie-ninja/rk-fiber/interceptor/csrf/options.go:66.36,67.56 1 0
github.com/rookie-ninja/rk-fiber/interceptor/csrf/options.go:67.56,69.6 1 0
github.com/rookie-ninja/rk-fiber/interceptor/csrf/options.go:80.15,81.47 1 1
github.com/rookie-ninja/rk-fiber/interceptor/csrf/options.go:84.45,86.3 1 1
github.com/rookie-ninja/rk-fiber/interceptor/csrf/options.go:148.63,149.30 1 1
github.com/rookie-ninja/rk-fiber/interceptor/csrf/options.go:149.30,152.3 2 1
github.com/rookie-ninja/rk-fiber/interceptor/csrf/options.go:156.39,157.30 1 1
github.com/rookie-ninja/rk-fiber/interceptor/csrf/options.go:157.30,159.3 1 1
github.com/rookie-ninja/rk-fiber/interceptor/csrf/options.go:164.38,165.30 1 1
github.com/rookie-ninja/rk-fiber/interceptor/csrf/options.go:165.30,166.14 1 1
github.com/rookie-ninja/rk-fiber/interceptor/csrf/options.go:166.14,168.4 1 1
github.com/rookie-ninja/rk-fiber/interceptor/csrf/options.go:179.41,180.30 1 1
github.com/rookie-ninja/rk-fiber/interceptor/csrf/options.go:180.30,181.19 1 1
github.com/rookie-ninja/rk-fiber/interceptor/csrf/options.go:181.19,183.4 1 1
github.com/rookie-ninja/rk-fiber/interceptor/csrf/options.go:189.40,190.30 1 1
github.com/rookie-ninja/rk-fiber/interceptor/csrf/options.go:190.30,191.19 1 1
github.com/rookie-ninja/rk-fiber/interceptor/csrf/options.go:191.19,193.4 1 1
github.com/rookie-ninja/rk-fiber/interceptor/csrf/options.go:199.42,200.30 1 1
github.com/rookie-ninja/rk-fiber/interceptor/csrf/options.go:200.30,201.19 1 1
github.com/rookie-ninja/rk-fiber/interceptor/csrf/options.go:201.19,203.4 1 1
github.com/rookie-ninja/rk-fiber/interceptor/csrf/options.go:209.40,210.30 1 1
github.com/rookie-ninja/rk-fiber/interceptor/csrf/options.go:210.30,211.19 1 1
github.com/rookie-ninja/rk-fiber/interceptor/csrf/options.go:211.19,213.4 1 1
github.com/rookie-ninja/rk-fiber/interceptor/csrf/options.go:219.39,220.30 1 1
github.com/rookie-ninja/rk-fiber/interceptor/csrf/options.go:220.30,221.14 1 1
github.com/rookie-ninja/rk-fiber/interceptor/csrf/options.go:221.14,223.4 1 1
github.com/rookie-ninja/rk-fiber/interceptor/csrf/options.go:229.42,230.30 1 1
github.com/rookie-ninja/rk-fiber/interceptor/csrf/options.go:230.30,232.3 1 1
github.com/rookie-ninja/rk-fiber/interceptor/csrf/options.go:237.51,238.30 1 1
github.com/rookie-ninja/rk-fiber/interceptor/csrf/options.go:238.30,240.3 1 1
github.com/rookie-ninja/rk-fiber/interceptor/csrf/options.go:245.47,246.30 1 0
github.com/rookie-ninja/rk-fiber/interceptor/csrf/options.go:246.30,248.3 1 0
github.com/rookie-ninja/rk-fiber/interceptor/csrf/options.go:253.60,254.46 1 1
github.com/rookie-ninja/rk-fiber/interceptor/csrf/options.go:254.46,256.18 2 1
github.com/rookie-ninja/rk-fiber/interceptor/csrf/options.go:259.3,259.20 1 1
github.com/rookie-ninja/rk-fiber/interceptor/csrf/options.go:256.18,258.4 1 1
github.com/rookie-ninja/rk-fiber/interceptor/csrf/options.go:265.58,266.46 1 1
github.com/rookie-ninja/rk-fiber/interceptor/csrf/options.go:266.46,268.18 2 1
github.com/rookie-ninja/rk-fiber/interceptor/csrf/options.go:271.3,271.20 1 1
github.com/rookie-ninja/rk-fiber/interceptor/csrf/options.go:268.18,270.4 1 1
github.com/rookie-ninja/rk-fiber/interceptor/csrf/options.go:275.51,277.2 1 1
github.com/rookie-ninja/rk-fiber/interceptor/context/context.go:37.65,39.2 1 1
github.com/rookie-ninja/rk-fiber/interceptor/context/context.go:43.59,44.41 1 1
github.com/rookie-ninja/rk-fiber/interceptor/context/context.go:48.2,48.39 1 1
github.com/rookie-ninja/rk-fiber/interceptor/context/context.go:44.41,46.3 1 1
github.com/rookie-ninja/rk-fiber/interceptor/context/context.go:53.59,54.41 1 1
github.com/rookie-ninja/rk-fiber/interceptor/context/context.go:58.2,58.39 1 1
github.com/rookie-ninja/rk-fiber/interceptor/context/context.go:54.41,56.3 1 1
github.com/rookie-ninja/rk-fiber/interceptor/context/context.go:62.45,63.16 1 1
github.com/rookie-ninja/rk-fiber/interceptor/context/context.go:67.2,67.74 1 1
github.com/rookie-ninja/rk-fiber/interceptor/context/context.go:71.2,71.18 1 1
github.com/rookie-ninja/rk-fiber/interceptor/context/context.go:63.16,65.3 1 1
github.com/rookie-ninja/rk-fiber/interceptor/context/context.go:67.74,69.3 1 1
github.com/rookie-ninja/rk-fiber/interceptor/context/context.go:75.44,76.16 1 1
github.com/rookie-ninja/rk-fiber/interceptor/context/context.go:80.2,80.75 1 1
github.com/rookie-ninja/rk-fiber/interceptor/context/context.go:94.2,94.28 1 1
github.com/rookie-ninja/rk-fiber/interceptor/context/context.go:76.16,78.3 1 1
github.com/rookie-ninja/rk-fiber/interceptor/context/context.go:80.75,84.25 4 1
github.com/rookie-ninja/rk-fiber/interceptor/context/context.go:87.3,87.23 1 1
github.com/rookie-ninja/rk-fiber/interceptor/context/context.go:91.3,91.43 1 1
github.com/rookie-ninja/rk-fiber/interceptor/context/context.go:84.25,86.4 1 1
github.com/rookie-ninja/rk-fiber/interceptor/context/context.go:87.23,89.4 1 1
github.com/rookie-ninja/rk-fiber/interceptor/context/context.go:100.42,101.41 1 1
github.com/rookie-ninja/rk-fiber/interceptor/context/context.go:105.2,105.57 1 1
github.com/rookie-ninja/rk-fiber/interceptor/context/context.go:101.41,103.3 1 1
github.com/rookie-ninja/rk-fiber/interceptor/context/context.go:109.40,110.41 1 1
github.com/rookie-ninja/rk-fiber/interceptor/context/context.go:114.2,114.55 1 1
github.com/rookie-ninja/rk-fiber/interceptor/context/context.go:110.41,112.3 1 1
github.com/rookie-ninja/rk-fiber/interceptor/context/context.go:118.42,119.16 1 1
github.com/rookie-ninja/rk-fiber/interceptor/context/context.go:123.2,123.78 1 1
github.com/rookie-ninja/rk-fiber/interceptor/context/context.go:127.2,127.11 1 1
github.com/rookie-ninja/rk-fiber/interceptor/context/context.go:119.16,121.3 1 1
github.com/rookie-ninja/rk-fiber/interceptor/context/context.go:123.78,125.3 1 1
github.com/rookie-ninja/rk-fiber/interceptor/context/context.go:131.46,134.40 2 1
github.com/rookie-ninja/rk-fiber/interceptor/context/context.go:138.2,140.73 2 1
github.com/rookie-ninja/rk-fiber/interceptor/context/context.go:144.2,144.13 1 1
github.com/rookie-ninja/rk-fiber/interceptor/context/context.go:134.40,136.3 1 1
github.com/rookie-ninja/rk-fiber/interceptor/context/context.go:140.73,142.3 1 1
github.com/rookie-ninja/rk-fiber/interceptor/context/context.go:148.45,149.16 1 1
github.com/rookie-ninja/rk-fiber/interceptor/context/context.go:153.2,153.75 1 1
github.com/rookie-ninja/rk-fiber/interceptor/context/context.go:157.2,157.51 1 1
github.com/rookie-ninja/rk-fiber/interceptor/context/context.go:149.16,151.3 1 1
github.com/rookie-ninja/rk-fiber/interceptor/context/context.go:153.75,155.3 1 1
github.com/rookie-ninja/rk-fiber/interceptor/context/context.go:161.61,162.16 1 1
github.com/rookie-ninja/rk-fiber/interceptor/context/context.go:166.2,166.83 1 1
github.com/rookie-ninja/rk-fiber/interceptor/context/context.go:170.2,170.27 1 1
github.com/rookie-ninja/rk-fiber/interceptor/context/context.go:162.16,164.3 1 1
github.com/rookie-ninja/rk-fiber/interceptor/context/context.go:166.83,168.3 1 1
github.com/rookie-ninja/rk-fiber/interceptor/context/context.go:174.72,175.16 1 1
github.com/rookie-ninja/rk-fiber/interceptor/context/context.go:179.2,179.79 1 1
github.com/rookie-ninja/rk-fiber/interceptor/context/context.go:183.2,183.12 1 1
github.com/rookie-ninja/rk-fiber/interceptor/context/context.go:175.16,177.3 1 1
github.com/rookie-ninja/rk-fiber/interceptor/context/context.go:179.79,181.3 1 1
github.com/rookie-ninja/rk-fiber/interceptor/context/context.go:187.65,188.16 1 1
github.com/rookie-ninja/rk-fiber/interceptor/context/context.go:192.2,194.63 2 1
github.com/rookie-ninja/rk-fiber/interceptor/context/context.go:188.16,190.3 1 1
github.com/rookie-ninja/rk-fiber/interceptor/context/context.go:194.63,196.3 1 1
github.com/rookie-ninja/rk-fiber/interceptor/context/context.go:200.59,210.2 5 1
github.com/rookie-ninja/rk-fiber/interceptor/context/context.go:213.66,214.13 1 1
github.com/rookie-ninja/rk-fiber/interceptor/context/context.go:218.2,218.12 1 1
github.com/rookie-ninja/rk-fiber/interceptor/context/context.go:214.13,216.3 1 1
github.com/rookie-ninja/rk-fiber/interceptor/context/context.go:222.45,223.16 1 1
github.com/rookie-ninja/rk-fiber/interceptor/context/context.go:227.2,227.77 1 1
github.com/rookie-ninja/rk-fiber/interceptor/context/context.go:233.2,233.12 1 1
github.com/rookie-ninja/rk-fiber/interceptor/context/context.go:223.16,225.3 1 1
github.com/rookie-ninja/rk-fiber/interceptor/context/context.go:227.77,228.38 1 1
github.com/rookie-ninja/rk-fiber/interceptor/context/context.go:228.38,230.4 1 1
github.com/rookie-ninja/rk-fiber/interceptor/context/context.go:237.42,238.16 1 1
github.com/rookie-ninja/rk-fiber/interceptor/context/context.go:242.2,242.78 1 1
github.com/rookie-ninja/rk-fiber/interceptor/context/context.go:248.2,248.11 1 1
github.com/rookie-ninja/rk-fiber/interceptor/context/context.go:238.16,240.3 1 1
github.com/rookie-ninja/rk-fiber/interceptor/context/context.go:242.78,243.34 1 1
github.com/rookie-ninja/rk-fiber/interceptor/context/context.go:243.34,245.4 1 1
github.com/rookie-ninja/rk-fiber/interceptor/log/zap/interceptor.go:22.48,25.36 2 1
github.com/rookie-ninja/rk-fiber/interceptor/log/zap/interceptor.go:25.36,35.3 5 1
github.com/rookie-ninja/rk-fiber/interceptor/log/zap/interceptor.go:38.45,40.33 2 1
github.com/rookie-ninja/rk-fiber/interceptor/log/zap/interceptor.go:52.2,73.100 8 1
github.com/rookie-ninja/rk-fiber/interceptor/log/zap/interceptor.go:40.33,48.3 1 1
github.com/rookie-ninja/rk-fiber/interceptor/log/zap/interceptor.go:48.8,50.3 1 1
github.com/rookie-ninja/rk-fiber/interceptor/log/zap/interceptor.go:76.28,79.67 2 1
github.com/rookie-ninja/rk-fiber/interceptor/log/zap/interceptor.go:84.2,84.61 1 1
github.com/rookie-ninja/rk-fiber/interceptor/log/zap/interceptor.go:88.2,90.16 3 1
github.com/rookie-ninja/rk-fiber/interceptor/log/zap/interceptor.go:79.67,82.3 2 1
github.com/rookie-ninja/rk-fiber/interceptor/log/zap/interceptor.go:84.61,86.3 1 1
github.com/rookie-ninja/rk-fiber/interceptor/log/zap/options.go:29.46,40.22 2 1
github.com/rookie-ninja/rk-fiber/interceptor/log/zap/options.go:44.2,48.80 2 1
github.com/rookie-ninja/rk-fiber/interceptor/log/zap/options.go:69.2,69.40 1 1
github.com/rookie-ninja/rk-fiber/interceptor/log/zap/options.go:81.2,81.45 1 1
github.com/rookie-ninja/rk-fiber/interceptor/log/zap/options.go:85.2,85.12 1 1
github.com/rookie-ninja/rk-fiber/interceptor/log/zap/options.go:40.22,42.3 1 1
github.com/rookie-ninja/rk-fiber/interceptor/log/zap/options.go:48.80,49.45 1 1
github.com/rookie-ninja/rk-fiber/interceptor/log/zap/options.go:53.3,53.39 1 1
github.com/rookie-ninja/rk-fiber/interceptor/log/zap/options.go:57.3,57.49 1 1
github.com/rookie-ninja/rk-fiber/interceptor/log/zap/options.go:61.3,61.133 1 1
github.com/rookie-ninja/rk-fiber/interceptor/log/zap/options.go:49.45,51.4 1 1
github.com/rookie-ninja/rk-fiber/interceptor/log/zap/options.go:53.39,55.4 1 1
github.com/rookie-ninja/rk-fiber/interceptor/log/zap/options.go:57.49,59.4 1 1
github.com/rookie-ninja/rk-fiber/interceptor/log/zap/options.go:61.133,63.4 1 0
github.com/rookie-ninja/rk-fiber/interceptor/log/zap/options.go:63.9,65.4 1 1
github.com/rookie-ninja/rk-fiber/interceptor/log/zap/options.go:69.40,71.51 2 1
github.com/rookie-ninja/rk-fiber/interceptor/log/zap/options.go:74.3,74.137 1 1
github.com/rookie-ninja/rk-fiber/interceptor/log/zap/options.go:71.51,73.4 1 1
github.com/rookie-ninja/rk-fiber/interceptor/log/zap/options.go:74.137,76.4 1 0
github.com/rookie-ninja/rk-fiber/interceptor/log/zap/options.go:76.9,78.4 1 1
github.com/rookie-ninja/rk-fiber/interceptor/log/zap/options.go:81.45,83.3 1 1
github.com/rookie-ninja/rk-fiber/interceptor/log/zap/options.go:89.38,92.19 2 1
github.com/rookie-ninja/rk-fiber/interceptor/log/zap/options.go:100.2,100.12 1 1
github.com/rookie-ninja/rk-fiber/interceptor/log/zap/options.go:92.19,93.23 1 1
github.com/rookie-ninja/rk-fiber/interceptor/log/zap/options.go:96.3,97.41 2 1
github.com/rookie-ninja/rk-fiber/interceptor/log/zap/options.go:93.23,95.4 1 0
github.com/rookie-ninja/rk-fiber/interceptor/log/zap/options.go:121.63,122.30 1 1
github.com/rookie-ninja/rk-fiber/interceptor/log/zap/options.go:122.30,125.3 2 1
github.com/rookie-ninja/rk-fiber/interceptor/log/zap/options.go:129.72,130.30 1 1
github.com/rookie-ninja/rk-fiber/interceptor/log/zap/options.go:130.30,131.28 1 1
github.com/rookie-ninja/rk-fiber/interceptor/log/zap/options.go:131.28,133.4 1 1
github.com/rookie-ninja/rk-fiber/interceptor/log/zap/options.go:138.78,139.30 1 1
github.com/rookie-ninja/rk-fiber/interceptor/log/zap/options.go:139.30,140.30 1 1
github.com/rookie-ninja/rk-fiber/interceptor/log/zap/options.go:140.30,142.4 1 1
github.com/rookie-ninja/rk-fiber/interceptor/log/zap/options.go:148.43,149.30 1 1
github.com/rookie-ninja/rk-fiber/interceptor/log/zap/options.go:149.30,151.3 1 1
github.com/rookie-ninja/rk-fiber/interceptor/log/zap/options.go:156.54,157.30 1 1
github.com/rookie-ninja/rk-fiber/interceptor/log/zap/options.go:157.30,159.3 1 1
github.com/rookie-ninja/rk-fiber/interceptor/log/zap/options.go:164.45,165.30 1 1
github.com/rookie-ninja/rk-fiber/interceptor/log/zap/options.go:165.30,166.13 1 1
github.com/rookie-ninja/rk-fiber/interceptor/log/zap/options.go:167.25,168.45 1 1
github.com/rookie-ninja/rk-fiber/interceptor/log/zap/options.go:169.22,170.42 1 1
github.com/rookie-ninja/rk-fiber/interceptor/log/zap/options.go:171.11,172.45 1 1
github.com/rookie-ninja/rk-fiber/interceptor/log/zap/options.go:179.56,180.30 1 1
github.com/rookie-ninja/rk-fiber/interceptor/log/zap/options.go:180.30,182.3 1 1
github.com/rookie-ninja/rk-fiber/interceptor/panic/interceptor.go:22.48,25.36 2 1
github.com/rookie-ninja/rk-fiber/interceptor/panic/interceptor.go:25.36,28.16 2 1
github.com/rookie-ninja/rk-fiber/interceptor/panic/interceptor.go:49.3,49.20 1 1
github.com/rookie-ninja/rk-fiber/interceptor/panic/interceptor.go:28.16,29.38 1 1
github.com/rookie-ninja/rk-fiber/interceptor/panic/interceptor.go:29.38,32.48 2 1
github.com/rookie-ninja/rk-fiber/interceptor/panic/interceptor.go:40.5,45.18 5 1
github.com/rookie-ninja/rk-fiber/interceptor/panic/interceptor.go:32.48,34.6 1 0
github.com/rookie-ninja/rk-fiber/interceptor/panic/interceptor.go:34.11,34.42 1 1
github.com/rookie-ninja/rk-fiber/interceptor/panic/interceptor.go:34.42,36.6 1 1
github.com/rookie-ninja/rk-fiber/interceptor/panic/interceptor.go:36.11,38.6 1 0
github.com/rookie-ninja/rk-fiber/interceptor/panic/options.go:16.46,22.22 2 1
github.com/rookie-ninja/rk-fiber/interceptor/panic/options.go:26.2,26.45 1 1
github.com/rookie-ninja/rk-fiber/interceptor/panic/options.go:30.2,30.12 1 1
github.com/rookie-ninja/rk-fiber/interceptor/panic/options.go:22.22,24.3 1 1
github.com/rookie-ninja/rk-fiber/interceptor/panic/options.go:26.45,28.3 1 1
github.com/rookie-ninja/rk-fiber/interceptor/panic/options.go:43.63,44.30 1 1
github.com/rookie-ninja/rk-fiber/interceptor/panic/options.go:44.30,47.3 2 1
github.com/rookie-ninja/rk-fiber/interceptor/meta/interceptor.go:26.48,29.36 2 1
github.com/rookie-ninja/rk-fiber/interceptor/meta/interceptor.go:29.36,48.3 12 1
github.com/rookie-ninja/rk-fiber/interceptor/meta/options.go:17.46,24.22 2 1
github.com/rookie-ninja/rk-fiber/interceptor/meta/options.go:28.2,28.25 1 1
github.com/rookie-ninja/rk-fiber/interceptor/meta/options.go:32.2,37.45 5 1
github.com/rookie-ninja/rk-fiber/interceptor/meta/options.go:41.2,41.12 1 1
github.com/rookie-ninja/rk-fiber/interceptor/meta/options.go:24.22,26.3 1 1
github.com/rookie-ninja/rk-fiber/interceptor/meta/options.go:28.25,30.3 1 0
github.com/rookie-ninja/rk-fiber/interceptor/meta/options.go:37.45,39.3 1 1
github.com/rookie-ninja/rk-fiber/interceptor/meta/options.go:60.63,61.30 1 1
github.com/rookie-ninja/rk-fiber/interceptor/meta/options.go:61.30,64.3 2 1
github.com/rookie-ninja/rk-fiber/interceptor/meta/options.go:68.39,69.30 1 1
github.com/rookie-ninja/rk-fiber/interceptor/meta/options.go:69.30,71.3 1 1
github.com/rookie-ninja/rk-fiber/interceptor/secure/interceptor.go:20.48,23.36 2 1
github.com/rookie-ninja/rk-fiber/interceptor/secure/interceptor.go:23.36,26.23 2 1
github.com/rookie-ninja/rk-fiber/interceptor/secure/interceptor.go:30.3,34.30 3 1
github.com/rookie-ninja/rk-fiber/interceptor/secure/interceptor.go:39.3,39.35 1 1
github.com/rookie-ninja/rk-fiber/interceptor/secure/interceptor.go:44.3,44.30 1 1
github.com/rookie-ninja/rk-fiber/interceptor/secure/interceptor.go:49.3,49.122 1 1
github.com/rookie-ninja/rk-fiber/interceptor/secure/interceptor.go:61.3,61.38 1 1
github.com/rookie-ninja/rk-fiber/interceptor/secure/interceptor.go:70.3,70.31 1 1
github.com/rookie-ninja/rk-fiber/interceptor/secure/interceptor.go:74.3,74.20 1 1
github.com/rookie-ninja/rk-fiber/interceptor/secure/interceptor.go:26.23,28.4 1 1
github.com/rookie-ninja/rk-fiber/interceptor/secure/interceptor.go:34.30,36.4 1 1
github.com/rookie-ninja/rk-fiber/interceptor/secure/interceptor.go:39.35,41.4 1 1
github.com/rookie-ninja/rk-fiber/interceptor/secure/interceptor.go:44.30,46.4 1 1
github.com/rookie-ninja/rk-fiber/interceptor/secure/interceptor.go:49.122,51.34 2 1
github.com/rookie-ninja/rk-fiber/interceptor/secure/interceptor.go:54.4,54.30 1 1
github.com/rookie-ninja/rk-fiber/interceptor/secure/interceptor.go:57.4,57.112 1 1
github.com/rookie-ninja/rk-fiber/interceptor/secure/interceptor.go:51.34,53.5 1 0
github.com/rookie-ninja/rk-fiber/interceptor/secure/interceptor.go:54.30,56.5 1 1
github.com/rookie-ninja/rk-fiber/interceptor/secure/interceptor.go:61.38,62.25 1 1
github.com/rookie-ninja/rk-fiber/interceptor/secure/interceptor.go:62.25,64.5 1 1
github.com/rookie-ninja/rk-fiber/interceptor/secure/interceptor.go:64.10,66.5 1 0
github.com/rookie-ninja/rk-fiber/interceptor/secure/interceptor.go:70.31,72.4 1 1
github.com/rookie-ninja/rk-fiber/interceptor/secure/options.go:18.41,20.3 1 0
github.com/rookie-ninja/rk-fiber/interceptor/secure/options.go:27.46,39.22 2 1
github.com/rookie-ninja/rk-fiber/interceptor/secure/options.go:44.2,44.89 1 1
github.com/rookie-ninja/rk-fiber/interceptor/secure/options.go:62.2,62.45 1 1
github.com/rookie-ninja/rk-fiber/interceptor/secure/options.go:66.2,66.12 1 1
github.com/rookie-ninja/rk-fiber/interceptor/secure/options.go:39.22,41.3 1 1
github.com/rookie-ninja/rk-fiber/interceptor/secure/options.go:44.89,45.43 1 1
github.com/rookie-ninja/rk-fiber/interceptor/secure/options.go:45.43,46.42 1 1
github.com/rookie-ninja/rk-fiber/interceptor/secure/options.go:50.4,52.36 2 1
github.com/rookie-ninja/rk-fiber/interceptor/secure/options.go:58.4,58.16 1 1
github.com/rookie-ninja/rk-fiber/interceptor/secure/options.go:46.42,48.5 1 0
github.com/rookie-ninja/rk-fiber/interceptor/secure/options.go:52.36,53.56 1 1
github.com/rookie-ninja/rk-fiber/interceptor/secure/options.go:53.56,55.6 1 0
github.com/rookie-ninja/rk-fiber/interceptor/secure/options.go:62.45,64.3 1 1
github.com/rookie-ninja/rk-fiber/interceptor/secure/options.go:148.63,149.30 1 1
github.com/rookie-ninja/rk-fiber/interceptor/secure/options.go:149.30,152.3 2 1
github.com/rookie-ninja/rk-fiber/interceptor/secure/options.go:156.39,157.30 1 1
github.com/rookie-ninja/rk-fiber/interceptor/secure/options.go:157.30,159.3 1 1
github.com/rookie-ninja/rk-fiber/interceptor/secure/options.go:164.43,165.30 1 1
github.com/rookie-ninja/rk-fiber/interceptor/secure/options.go:165.30,166.19 1 1
github.com/rookie-ninja/rk-fiber/interceptor/secure/options.go:166.19,168.4 1 1
github.com/rookie-ninja/rk-fiber/interceptor/secure/options.go:174.48,175.30 1 1
github.com/rookie-ninja/rk-fiber/interceptor/secure/options.go:175.30,176.19 1 1
github.com/rookie-ninja/rk-fiber/interceptor/secure/options.go:176.19,178.4 1 1
github.com/rookie-ninja/rk-fiber/interceptor/secure/options.go:184.43,185.30 1 1
github.com/rookie-ninja/rk-fiber/interceptor/secure/options.go:185.30,186.19 1 1
github.com/rookie-ninja/rk-fiber/interceptor/secure/options.go:186.19,188.4 1 1
github.com/rookie-ninja/rk-fiber/interceptor/secure/options.go:193.37,194.30 1 1
github.com/rookie-ninja/rk-fiber/interceptor/secure/options.go:194.30,196.3 1 1
github.com/rookie-ninja/rk-fiber/interceptor/secure/options.go:200.49,201.30 1 1
github.com/rookie-ninja/rk-fiber/interceptor/secure/options.go:201.30,203.3 1 1
github.com/rookie-ninja/rk-fiber/interceptor/secure/options.go:208.46,209.30 1 1
github.com/rookie-ninja/rk-fiber/interceptor/secure/options.go:209.30,211.3 1 1
github.com/rookie-ninja/rk-fiber/interceptor/secure/options.go:216.51,217.30 1 1
github.com/rookie-ninja/rk-fiber/interceptor/secure/options.go:217.30,219.3 1 1
github.com/rookie-ninja/rk-fiber/interceptor/secure/options.go:224.41,225.30 1 1
github.com/rookie-ninja/rk-fiber/interceptor/secure/options.go:225.30,227.3 1 1
github.com/rookie-ninja/rk-fiber/interceptor/secure/options.go:232.44,233.30 1 1
github.com/rookie-ninja/rk-fiber/interceptor/secure/options.go:233.30,234.19 1 1
github.com/rookie-ninja/rk-fiber/interceptor/secure/options.go:234.19,236.4 1 1
github.com/rookie-ninja/rk-fiber/interceptor/secure/options.go:241.48,242.30 1 1
github.com/rookie-ninja/rk-fiber/interceptor/secure/options.go:242.30,244.3 1 1
github.com/rookie-ninja/rk-fiber/interceptor/metrics/prom/interceptor.go:17.48,20.36 2 1
github.com/rookie-ninja/rk-fiber/interceptor/metrics/prom/interceptor.go:20.36,32.34 5 1
github.com/rookie-ninja/rk-fiber/interceptor/metrics/prom/interceptor.go:42.3,42.13 1 1
github.com/rookie-ninja/rk-fiber/interceptor/metrics/prom/interceptor.go:32.34,33.80 1 1
github.com/rookie-ninja/rk-fiber/interceptor/metrics/prom/interceptor.go:37.4,37.77 1 1
github.com/rookie-ninja/rk-fiber/interceptor/metrics/prom/interceptor.go:33.80,35.5 1 1
github.com/rookie-ninja/rk-fiber/interceptor/metrics/prom/interceptor.go:37.77,39.5 1 1
github.com/rookie-ninja/rk-fiber/interceptor/metrics/prom/options.go:50.35,54.2 3 1
github.com/rookie-ninja/rk-fiber/interceptor/metrics/prom/options.go:57.67,58.63 1 1
github.com/rookie-ninja/rk-fiber/interceptor/metrics/prom/options.go:62.2,62.12 1 1
github.com/rookie-ninja/rk-fiber/interceptor/metrics/prom/options.go:58.63,60.3 1 1
github.com/rookie-ninja/rk-fiber/interceptor/metrics/prom/options.go:66.63,67.16 1 1
github.com/rookie-ninja/rk-fiber/interceptor/metrics/prom/options.go:71.2,71.63 1 1
github.com/rookie-ninja/rk-fiber/interceptor/metrics/prom/options.go:75.2,75.12 1 0
github.com/rookie-ninja/rk-fiber/interceptor/metrics/prom/options.go:67.16,69.3 1 1
github.com/rookie-ninja/rk-fiber/interceptor/metrics/prom/options.go:71.63,73.3 1 1
github.com/rookie-ninja/rk-fiber/interceptor/metrics/prom/options.go:79.65,80.16 1 1
github.com/rookie-ninja/rk-fiber/interceptor/metrics/prom/options.go:84.2,84.63 1 1
github.com/rookie-ninja/rk-fiber/interceptor/metrics/prom/options.go:88.2,88.12 1 0
github.com/rookie-ninja/rk-fiber/interceptor/metrics/prom/options.go:80.16,82.3 1 1
github.com/rookie-ninja/rk-fiber/interceptor/metrics/prom/options.go:84.63,86.3 1 1
github.com/rookie-ninja/rk-fiber/interceptor/metrics/prom/options.go:92.61,93.42 1 1
github.com/rookie-ninja/rk-fiber/interceptor/metrics/prom/options.go:97.2,97.12 1 1
github.com/rookie-ninja/rk-fiber/interceptor/metrics/prom/options.go:93.42,95.3 1 1
github.com/rookie-ninja/rk-fiber/interceptor/metrics/prom/options.go:101.51,103.31 2 1
github.com/rookie-ninja/rk-fiber/interceptor/metrics/prom/options.go:107.2,107.12 1 1
github.com/rookie-ninja/rk-fiber/interceptor/metrics/prom/options.go:103.31,105.3 1 1
github.com/rookie-ninja/rk-fiber/interceptor/metrics/prom/options.go:111.41,113.16 2 1
github.com/rookie-ninja/rk-fiber/interceptor/metrics/prom/options.go:119.2,119.42 1 1
github.com/rookie-ninja/rk-fiber/interceptor/metrics/prom/options.go:124.2,140.15 2 1
github.com/rookie-ninja/rk-fiber/interceptor/metrics/prom/options.go:113.16,117.3 3 1
github.com/rookie-ninja/rk-fiber/interceptor/metrics/prom/options.go:119.42,122.3 2 1
github.com/rookie-ninja/rk-fiber/interceptor/metrics/prom/options.go:144.24,145.31 1 1
github.com/rookie-ninja/rk-fiber/interceptor/metrics/prom/options.go:151.2,151.42 1 1
github.com/rookie-ninja/rk-fiber/interceptor/metrics/prom/options.go:145.31,149.3 3 1
github.com/rookie-ninja/rk-fiber/interceptor/metrics/prom/options.go:159.46,166.22 2 1
github.com/rookie-ninja/rk-fiber/interceptor/metrics/prom/options.go:170.2,177.45 4 1
github.com/rookie-ninja/rk-fiber/interceptor/metrics/prom/options.go:181.2,183.12 2 1
github.com/rookie-ninja/rk-fiber/interceptor/metrics/prom/options.go:166.22,168.3 1 1
github.com/rookie-ninja/rk-fiber/interceptor/metrics/prom/options.go:177.45,179.3 1 1
github.com/rookie-ninja/rk-fiber/interceptor/metrics/prom/options.go:198.63,199.30 1 1
github.com/rookie-ninja/rk-fiber/interceptor/metrics/prom/options.go:199.30,200.25 1 1
github.com/rookie-ninja/rk-fiber/interceptor/metrics/prom/options.go:204.3,204.25 1 1
github.com/rookie-ninja/rk-fiber/interceptor/metrics/prom/options.go:200.25,202.4 1 1
github.com/rookie-ninja/rk-fiber/interceptor/metrics/prom/options.go:204.25,206.4 1 1
github.com/rookie-ninja/rk-fiber/interceptor/metrics/prom/options.go:211.62,212.30 1 1
github.com/rookie-ninja/rk-fiber/interceptor/metrics/prom/options.go:212.30,213.24 1 1
github.com/rookie-ninja/rk-fiber/interceptor/metrics/prom/options.go:213.24,215.4 1 1
github.com/rookie-ninja/rk-fiber/interceptor/metrics/prom/options.go:220.46,221.16 1 1
github.com/rookie-ninja/rk-fiber/interceptor/metrics/prom/options.go:225.2,226.78 2 1
github.com/rookie-ninja/rk-fiber/interceptor/metrics/prom/options.go:232.2,232.30 1 1
github.com/rookie-ninja/rk-fiber/interceptor/metrics/prom/options.go:221.16,223.3 1 1
github.com/rookie-ninja/rk-fiber/interceptor/metrics/prom/options.go:226.78,227.32 1 1
github.com/rookie-ninja/rk-fiber/interceptor/metrics/prom/options.go:227.32,229.4 1 1
github.com/rookie-ninja/rk-fiber/interceptor/ratelimit/interceptor.go:19.48,22.36 2 1
github.com/rookie-ninja/rk-fiber/interceptor/ratelimit/interceptor.go:22.36,27.49 3 1
github.com/rookie-ninja/rk-fiber/interceptor/ratelimit/interceptor.go:38.3,38.20 1 1
github.com/rookie-ninja/rk-fiber/interceptor/ratelimit/interceptor.go:27.49,36.4 5 1
github.com/rookie-ninja/rk-fiber/interceptor/ratelimit/options.go:32.47,34.2 1 0
github.com/rookie-ninja/rk-fiber/interceptor/ratelimit/options.go:40.51,42.2 1 1
github.com/rookie-ninja/rk-fiber/interceptor/ratelimit/options.go:50.58,53.2 2 1
github.com/rookie-ninja/rk-fiber/interceptor/ratelimit/options.go:61.58,64.2 2 1
github.com/rookie-ninja/rk-fiber/interceptor/ratelimit/options.go:70.46,80.22 2 1
github.com/rookie-ninja/rk-fiber/interceptor/ratelimit/options.go:84.2,84.23 1 1
github.com/rookie-ninja/rk-fiber/interceptor/ratelimit/options.go:134.2,134.45 1 1
github.com/rookie-ninja/rk-fiber/interceptor/ratelimit/options.go:138.2,138.12 1 1
github.com/rookie-ninja/rk-fiber/interceptor/ratelimit/options.go:80.22,82.3 1 1
github.com/rookie-ninja/rk-fiber/interceptor/ratelimit/options.go:85.19,86.24 1 1
github.com/rookie-ninja/rk-fiber/interceptor/ratelimit/options.go:96.3,96.41 1 1
github.com/rookie-ninja/rk-fiber/interceptor/ratelimit/options.go:107.19,108.24 1 1
github.com/rookie-ninja/rk-fiber/interceptor/ratelimit/options.go:118.3,118.41 1 1
github.com/rookie-ninja/rk-fiber/interceptor/ratelimit/options.go:129.10,131.41 2 1
github.com/rookie-ninja/rk-fiber/interceptor/ratelimit/options.go:86.24,89.4 2 1
github.com/rookie-ninja/rk-fiber/interceptor/ratelimit/options.go:89.9,94.4 2 1
github.com/rookie-ninja/rk-fiber/interceptor/ratelimit/options.go:96.41,97.13 1 1
github.com/rookie-ninja/rk-fiber/interceptor/ratelimit/options.go:97.13,100.5 2 1
github.com/rookie-ninja/rk-fiber/interceptor/ratelimit/options.go:100.10,105.5 2 1
github.com/rookie-ninja/rk-fiber/interceptor/ratelimit/options.go:108.24,111.4 2 0
github.com/rookie-ninja/rk-fiber/interceptor/ratelimit/options.go:111.9,116.4 2 1
github.com/rookie-ninja/rk-fiber/interceptor/ratelimit/options.go:118.41,119.13 1 1
github.com/rookie-ninja/rk-fiber/interceptor/ratelimit/options.go:119.13,122.5 2 0
github.com/rookie-ninja/rk-fiber/interceptor/ratelimit/options.go:122.10,127.5 2 1
github.com/rookie-ninja/rk-fiber/interceptor/ratelimit/options.go:134.45,136.3 1 1
github.com/rookie-ninja/rk-fiber/interceptor/ratelimit/options.go:142.67,146.37 3 1
github.com/rookie-ninja/rk-fiber/interceptor/ratelimit/options.go:150.2,150.33 1 1
github.com/rookie-ninja/rk-fiber/interceptor/ratelimit/options.go:146.37,148.3 1 1
github.com/rookie-ninja/rk-fiber/interceptor/ratelimit/options.go:153.57,154.38 1 1
github.com/rookie-ninja/rk-fiber/interceptor/ratelimit/options.go:158.2,158.35 1 1
github.com/rookie-ninja/rk-fiber/interceptor/ratelimit/options.go:154.38,156.3 1 1
github.com/rookie-ninja/rk-fiber/interceptor/ratelimit/options.go:162.60,163.38 1 1
github.com/rookie-ninja/rk-fiber/interceptor/ratelimit/options.go:167.2,167.25 1 1
github.com/rookie-ninja/rk-fiber/interceptor/ratelimit/options.go:163.38,165.3 1 1
github.com/rookie-ninja/rk-fiber/interceptor/ratelimit/options.go:184.63,185.30 1 1
github.com/rookie-ninja/rk-fiber/interceptor/ratelimit/options.go:185.30,188.3 2 1
github.com/rookie-ninja/rk-fiber/interceptor/ratelimit/options.go:192.42,193.30 1 1
github.com/rookie-ninja/rk-fiber/interceptor/ratelimit/options.go:193.30,194.21 1 1
github.com/rookie-ninja/rk-fiber/interceptor/ratelimit/options.go:194.21,196.4 1 1
github.com/rookie-ninja/rk-fiber/interceptor/ratelimit/options.go:201.61,202.30 1 1
github.com/rookie-ninja/rk-fiber/interceptor/ratelimit/options.go:202.30,203.36 1 1
github.com/rookie-ninja/rk-fiber/interceptor/ratelimit/options.go:207.3,207.21 1 1
github.com/rookie-ninja/rk-fiber/interceptor/ratelimit/options.go:203.36,205.4 1 1
github.com/rookie-ninja/rk-fiber/interceptor/ratelimit/options.go:207.21,209.4 1 1
github.com/rookie-ninja/rk-fiber/interceptor/ratelimit/options.go:216.40,217.30 1 1
github.com/rookie-ninja/rk-fiber/interceptor/ratelimit/options.go:217.30,219.3 1 1
github.com/rookie-ninja/rk-fiber/interceptor/ratelimit/options.go:223.42,224.30 1 1
github.com/rookie-ninja/rk-fiber/interceptor/ratelimit/options.go:224.30,226.3 1 1
github.com/rookie-ninja/rk-fiber/interceptor/ratelimit/options.go:230.55,231.30 1 1
github.com/rookie-ninja/rk-fiber/interceptor/ratelimit/options.go:231.30,232.36 1 1
github.com/rookie-ninja/rk-fiber/interceptor/ratelimit/options.go:236.3,236.24 1 1
github.com/rookie-ninja/rk-fiber/interceptor/ratelimit/options.go:232.36,234.4 1 0
github.com/rookie-ninja/rk-fiber/interceptor/timeout/interceptor.go:16.48,19.36 2 1
github.com/rookie-ninja/rk-fiber/interceptor/timeout/interceptor.go:19.36,23.3 2 1
github.com/rookie-ninja/rk-fiber/interceptor/timeout/options.go:25.47,27.3 1 1
github.com/rookie-ninja/rk-fiber/interceptor/timeout/options.go:44.46,51.22 2 1
github.com/rookie-ninja/rk-fiber/interceptor/timeout/options.go:56.2,61.45 2 1
github.com/rookie-ninja/rk-fiber/interceptor/timeout/options.go:65.2,65.12 1 1
github.com/rookie-ninja/rk-fiber/interceptor/timeout/options.go:51.22,53.3 1 1
github.com/rookie-ninja/rk-fiber/interceptor/timeout/options.go:61.45,63.3 1 1
github.com/rookie-ninja/rk-fiber/interceptor/timeout/options.go:72.50,82.12 6 1
github.com/rookie-ninja/rk-fiber/interceptor/timeout/options.go:92.2,92.9 1 1
github.com/rookie-ninja/rk-fiber/interceptor/timeout/options.go:122.2,122.12 1 1
github.com/rookie-ninja/rk-fiber/interceptor/timeout/options.go:82.12,83.16 1 1
github.com/rookie-ninja/rk-fiber/interceptor/timeout/options.go:88.3,89.27 2 1
github.com/rookie-ninja/rk-fiber/interceptor/timeout/options.go:83.16,84.38 1 1
github.com/rookie-ninja/rk-fiber/interceptor/timeout/options.go:84.38,86.5 1 1
github.com/rookie-ninja/rk-fiber/interceptor/timeout/options.go:93.20,93.20 0 1
github.com/rookie-ninja/rk-fiber/interceptor/timeout/options.go:94.27,103.16 6 1
github.com/rookie-ninja/rk-fiber/interceptor/timeout/options.go:104.32,107.17 3 1
github.com/rookie-ninja/rk-fiber/interceptor/timeout/options.go:110.3,110.54 1 1
github.com/rookie-ninja/rk-fiber/interceptor/timeout/options.go:114.3,119.13 3 1
github.com/rookie-ninja/rk-fiber/interceptor/timeout/options.go:107.17,109.4 1 0
github.com/rookie-ninja/rk-fiber/interceptor/timeout/options.go:110.54,112.4 1 1
github.com/rookie-ninja/rk-fiber/interceptor/timeout/options.go:127.60,128.37 1 1
github.com/rookie-ninja/rk-fiber/interceptor/timeout/options.go:132.2,132.29 1 1
github.com/rookie-ninja/rk-fiber/interceptor/timeout/options.go:128.37,130.3 1 1
github.com/rookie-ninja/rk-fiber/interceptor/timeout/options.go:146.63,147.30 1 1
github.com/rookie-ninja/rk-fiber/interceptor/timeout/options.go:147.30,150.3 2 1
github.com/rookie-ninja/rk-fiber/interceptor/timeout/options.go:155.75,156.30 1 1
github.com/rookie-ninja/rk-fiber/interceptor/timeout/options.go:156.30,157.18 1 1
github.com/rookie-ninja/rk-fiber/interceptor/timeout/options.go:161.3,161.19 1 1
github.com/rookie-ninja/rk-fiber/interceptor/timeout/options.go:165.3,166.34 2 1
github.com/rookie-ninja/rk-fiber/interceptor/timeout/options.go:157.18,159.4 1 1
github.com/rookie-ninja/rk-fiber/interceptor/timeout/options.go:161.19,163.4 1 0
github.com/rookie-ninja/rk-fiber/interceptor/timeout/options.go:172.94,173.30 1 1
github.com/rookie-ninja/rk-fiber/interceptor/timeout/options.go:173.30,176.18 2 1
github.com/rookie-ninja/rk-fiber/interceptor/timeout/options.go:180.3,180.19 1 1
github.com/rookie-ninja/rk-fiber/interceptor/timeout/options.go:184.3,187.4 1 1
github.com/rookie-ninja/rk-fiber/interceptor/timeout/options.go:176.18,178.4 1 1
github.com/rookie-ninja/rk-fiber/interceptor/timeout/options.go:180.19,182.4 1 0
github.com/rookie-ninja/rk-fiber/interceptor/timeout/options.go:191.40,192.35 1 1
github.com/rookie-ninja/rk-fiber/interceptor/timeout/options.go:196.2,196.13 1 1
github.com/rookie-ninja/rk-fiber/interceptor/timeout/options.go:192.35,194.3 1 1
github.com/rookie-ninja/rk-fiber/interceptor/tracing/telemetry/interceptor.go:23.48,26.36 2 1
github.com/rookie-ninja/rk-fiber/interceptor/tracing/telemetry/interceptor.go:26.36,40.3 9 1
github.com/rookie-ninja/rk-fiber/interceptor/tracing/telemetry/interceptor.go:43.60,61.23 6 1
github.com/rookie-ninja/rk-fiber/interceptor/tracing/telemetry/interceptor.go:66.2,76.13 6 1
github.com/rookie-ninja/rk-fiber/interceptor/tracing/telemetry/interceptor.go:61.23,63.3 1 0
github.com/rookie-ninja/rk-fiber/interceptor/tracing/telemetry/interceptor.go:79.49,84.2 4 1
github.com/rookie-ninja/rk-fiber/interceptor/tracing/telemetry/interceptor.go:87.48,96.2 2 1
github.com/rookie-ninja/rk-fiber/interceptor/tracing/telemetry/options.go:32.86,32.100 1 1
github.com/rookie-ninja/rk-fiber/interceptor/tracing/telemetry/options.go:35.58,35.72 1 1
github.com/rookie-ninja/rk-fiber/interceptor/tracing/telemetry/options.go:38.49,40.2 1 1
github.com/rookie-ninja/rk-fiber/interceptor/tracing/telemetry/options.go:43.94,44.17 1 1
github.com/rookie-ninja/rk-fiber/interceptor/tracing/telemetry/options.go:48.2,48.22 1 1
github.com/rookie-ninja/rk-fiber/interceptor/tracing/telemetry/options.go:52.2,52.28 1 1
github.com/rookie-ninja/rk-fiber/interceptor/tracing/telemetry/options.go:67.2,69.17 2 1
github.com/rookie-ninja/rk-fiber/interceptor/tracing/telemetry/options.go:44.17,46.3 1 1
github.com/rookie-ninja/rk-fiber/interceptor/tracing/telemetry/options.go:48.22,50.3 1 1
github.com/rookie-ninja/rk-fiber/interceptor/tracing/telemetry/options.go:52.28,54.3 1 1
github.com/rookie-ninja/rk-fiber/interceptor/tracing/telemetry/options.go:54.8,57.30 2 1
github.com/rookie-ninja/rk-fiber/interceptor/tracing/telemetry/options.go:62.3,64.54 2 1
github.com/rookie-ninja/rk-fiber/interceptor/tracing/telemetry/options.go:57.30,60.4 2 1
github.com/rookie-ninja/rk-fiber/interceptor/tracing/telemetry/options.go:80.76,82.16 1 1
github.com/rookie-ninja/rk-fiber/interceptor/tracing/telemetry/options.go:86.2,88.16 2 1
github.com/rookie-ninja/rk-fiber/interceptor/tracing/telemetry/options.go:92.2,92.17 1 1
github.com/rookie-ninja/rk-fiber/interceptor/tracing/telemetry/options.go:82.16,84.3 1 1
github.com/rookie-ninja/rk-fiber/interceptor/tracing/telemetry/options.go:88.16,90.3 1 0
github.com/rookie-ninja/rk-fiber/interceptor/tracing/telemetry/options.go:99.46,105.22 2 1
github.com/rookie-ninja/rk-fiber/interceptor/tracing/telemetry/options.go:109.2,109.25 1 1
github.com/rookie-ninja/rk-fiber/interceptor/tracing/telemetry/options.go:113.2,113.26 1 1
github.com/rookie-ninja/rk-fiber/interceptor/tracing/telemetry/options.go:117.2,117.25 1 1
github.com/rookie-ninja/rk-fiber/interceptor/tracing/telemetry/options.go:132.2,134.27 2 1
github.com/rookie-ninja/rk-fiber/interceptor/tracing/telemetry/options.go:140.2,140.45 1 1
github.com/rookie-ninja/rk-fiber/interceptor/tracing/telemetry/options.go:144.2,144.12 1 1
github.com/rookie-ninja/rk-fiber/interceptor/tracing/telemetry/options.go:105.22,107.3 1 1
github.com/rookie-ninja/rk-fiber/interceptor/tracing/telemetry/options.go:109.25,111.3 1 1
github.com/rookie-ninja/rk-fiber/interceptor/tracing/telemetry/options.go:113.26,115.3 1 1
github.com/rookie-ninja/rk-fiber/interceptor/tracing/telemetry/options.go:117.25,130.3 1 1
github.com/rookie-ninja/rk-fiber/interceptor/tracing/telemetry/options.go:134.27,138.3 1 1
github.com/rookie-ninja/rk-fiber/interceptor/tracing/telemetry/options.go:140.45,142.3 1 1
github.com/rookie-ninja/rk-fiber/interceptor/tracing/telemetry/options.go:162.58,163.30 1 1
github.com/rookie-ninja/rk-fiber/interceptor/tracing/telemetry/options.go:163.30,164.22 1 1
github.com/rookie-ninja/rk-fiber/interceptor/tracing/telemetry/options.go:164.22,166.4 1 1
github.com/rookie-ninja/rk-fiber/interceptor/tracing/telemetry/options.go:171.65,172.30 1 1
github.com/rookie-ninja/rk-fiber/interceptor/tracing/telemetry/options.go:172.30,173.23 1 1
github.com/rookie-ninja/rk-fiber/interceptor/tracing/telemetry/options.go:173.23,175.4 1 1
github.com/rookie-ninja/rk-fiber/interceptor/tracing/telemetry/options.go:180.67,181.30 1 1
github.com/rookie-ninja/rk-fiber/interceptor/tracing/telemetry/options.go:181.30,182.22 1 1
github.com/rookie-ninja/rk-fiber/interceptor/tracing/telemetry/options.go:182.22,184.4 1 1
github.com/rookie-ninja/rk-fiber/interceptor/tracing/telemetry/options.go:189.70,190.30 1 1
github.com/rookie-ninja/rk-fiber/interceptor/tracing/telemetry/options.go:190.30,191.24 1 1
github.com/rookie-ninja/rk-fiber/interceptor/tracing/telemetry/options.go:191.24,193.4 1 1
github.com/rookie-ninja/rk-fiber/interceptor/tracing/telemetry/options.go:198.63,199.30 1 1
github.com/rookie-ninja/rk-fiber/interceptor/tracing/telemetry/options.go:199.30,202.3 2 1
github.com/rookie-ninja/rk-fiber/interceptor/tracing/telemetry/options.go:206.26,207.31 1 1
github.com/rookie-ninja/rk-fiber/interceptor/tracing/telemetry/options.go:207.31,209.3 1 1
github.com/rookie-ninja/rk-fiber/interceptor/tracing/telemetry/options.go:218.57,220.2 1 1
github.com/rookie-ninja/rk-fiber/interceptor/tracing/telemetry/options.go:223.64,225.2 1 0
github.com/rookie-ninja/rk-fiber/interceptor/tracing/telemetry/options.go:228.50,231.43 2 0
github.com/rookie-ninja/rk-fiber/interceptor/tracing/telemetry/options.go:235.2,235.13 1 0
github.com/rookie-ninja/rk-fiber/interceptor/tracing/telemetry/options.go:231.43,233.3 1 0
github.com/rookie-ninja/rk-fiber/boot/fiber_entry.go:61.13,63.2 1 1
github.com/rookie-ninja/rk-fiber/boot/fiber_entry.go:251.50,252.33 1 1
github.com/rookie-ninja/rk-fiber/boot/fiber_entry.go:252.33,254.3 1 1
github.com/rookie-ninja/rk-fiber/boot/fiber_entry.go:258.64,259.33 1 1
github.com/rookie-ninja/rk-fiber/boot/fiber_entry.go:259.33,261.3 1 1
github.com/rookie-ninja/rk-fiber/boot/fiber_entry.go:265.50,266.33 1 1
github.com/rookie-ninja/rk-fiber/boot/fiber_entry.go:266.33,268.3 1 1
github.com/rookie-ninja/rk-fiber/boot/fiber_entry.go:272.82,273.33 1 1
github.com/rookie-ninja/rk-fiber/boot/fiber_entry.go:273.33,275.3 1 1
github.com/rookie-ninja/rk-fiber/boot/fiber_entry.go:279.88,280.33 1 1
github.com/rookie-ninja/rk-fiber/boot/fiber_entry.go:280.33,282.3 1 1
github.com/rookie-ninja/rk-fiber/boot/fiber_entry.go:286.72,287.33 1 1
github.com/rookie-ninja/rk-fiber/boot/fiber_entry.go:287.33,289.3 1 1
github.com/rookie-ninja/rk-fiber/boot/fiber_entry.go:293.53,294.33 1 1
github.com/rookie-ninja/rk-fiber/boot/fiber_entry.go:294.33,296.3 1 1
github.com/rookie-ninja/rk-fiber/boot/fiber_entry.go:300.91,301.33 1 1
github.com/rookie-ninja/rk-fiber/boot/fiber_entry.go:301.33,303.3 1 1
github.com/rookie-ninja/rk-fiber/boot/fiber_entry.go:307.70,308.33 1 1
github.com/rookie-ninja/rk-fiber/boot/fiber_entry.go:308.33,309.32 1 1
github.com/rookie-ninja/rk-fiber/boot/fiber_entry.go:313.3,313.61 1 1
github.com/rookie-ninja/rk-fiber/boot/fiber_entry.go:309.32,311.4 1 1
github.com/rookie-ninja/rk-fiber/boot/fiber_entry.go:318.59,319.33 1 1
github.com/rookie-ninja/rk-fiber/boot/fiber_entry.go:319.33,321.3 1 1
github.com/rookie-ninja/rk-fiber/boot/fiber_entry.go:325.92,326.33 1 1
github.com/rookie-ninja/rk-fiber/boot/fiber_entry.go:326.33,328.3 1 1
github.com/rookie-ninja/rk-fiber/boot/fiber_entry.go:332.58,333.33 1 1
github.com/rookie-ninja/rk-fiber/boot/fiber_entry.go:333.33,335.3 1 1
github.com/rookie-ninja/rk-fiber/boot/fiber_entry.go:339.64,340.33 1 0
github.com/rookie-ninja/rk-fiber/boot/fiber_entry.go:340.33,342.3 1 0
github.com/rookie-ninja/rk-fiber/boot/fiber_entry.go:346.45,348.21 2 0
github.com/rookie-ninja/rk-fiber/boot/fiber_entry.go:352.2,353.14 2 0
github.com/rookie-ninja/rk-fiber/boot/fiber_entry.go:348.21,350.3 1 0
github.com/rookie-ninja/rk-fiber/boot/fiber_entry.go:374.85,382.30 4 1
github.com/rookie-ninja/rk-fiber/boot/fiber_entry.go:765.2,765.12 1 1
github.com/rookie-ninja/rk-fiber/boot/fiber_entry.go:382.30,384.23 2 1
github.com/rookie-ninja/rk-fiber/boot/fiber_entry.go:388.3,391.28 3 1
github.com/rookie-ninja/rk-fiber/boot/fiber_entry.go:395.3,396.30 2 1
github.com/rookie-ninja/rk-fiber/boot/fiber_entry.go:400.3,403.25 3 1
github.com/rookie-ninja/rk-fiber/boot/fiber_entry.go:426.3,427.27 2 1
github.com/rookie-ninja/rk-fiber/boot/fiber_entry.go:462.3,465.46 2 1
github.com/rookie-ninja/rk-fiber/boot/fiber_entry.go:492.3,492.47 1 1
github.com/rookie-ninja/rk-fiber/boot/fiber_entry.go:502.3,502.52 1 1
github.com/rookie-ninja/rk-fiber/boot/fiber_entry.go:546.3,546.39 1 1
github.com/rookie-ninja/rk-fiber/boot/fiber_entry.go:572.3,572.42 1 1
github.com/rookie-ninja/rk-fiber/boot/fiber_entry.go:591.3,591.40 1 1
github.com/rookie-ninja/rk-fiber/boot/fiber_entry.go:624.3,624.40 1 1
github.com/rookie-ninja/rk-fiber/boot/fiber_entry.go:639.3,639.40 1 1
github.com/rookie-ninja/rk-fiber/boot/fiber_entry.go:649.3,649.40 1 1
github.com/rookie-ninja/rk-fiber/boot/fiber_entry.go:669.3,669.43 1 1
github.com/rookie-ninja/rk-fiber/boot/fiber_entry.go:687.3,687.45 1 1
github.com/rookie-ninja/rk-fiber/boot/fiber_entry.go:706.3,707.36 2 1
github.com/rookie-ninja/rk-fiber/boot/fiber_entry.go:715.3,716.25 2 1
github.com/rookie-ninja/rk-fiber/boot/fiber_entry.go:724.3,725.29 2 1
github.com/rookie-ninja/rk-fiber/boot/fiber_entry.go:746.3,762.20 3 1
github.com/rookie-ninja/rk-fiber/boot/fiber_entry.go:384.23,385.12 1 0
github.com/rookie-ninja/rk-fiber/boot/fiber_entry.go:391.28,393.4 1 1
github.com/rookie-ninja/rk-fiber/boot/fiber_entry.go:396.30,398.4 1 1
github.com/rookie-ninja/rk-fiber/boot/fiber_entry.go:403.25,406.38 2 1
github.com/rookie-ninja/rk-fiber/boot/fiber_entry.go:414.4,422.28 1 1
github.com/rookie-ninja/rk-fiber/boot/fiber_entry.go:406.38,409.25 3 0
github.com/rookie-ninja/rk-fiber/boot/fiber_entry.go:409.25,411.6 1 0
github.com/rookie-ninja/rk-fiber/boot/fiber_entry.go:427.27,429.35 2 1
github.com/rookie-ninja/rk-fiber/boot/fiber_entry.go:447.4,457.31 3 1
github.com/rookie-ninja/rk-fiber/boot/fiber_entry.go:429.35,433.25 3 0
github.com/rookie-ninja/rk-fiber/boot/fiber_entry.go:437.5,444.44 1 0
github.com/rookie-ninja/rk-fiber/boot/fiber_entry.go:433.25,435.6 1 0
github.com/rookie-ninja/rk-fiber/boot/fiber_entry.go:457.31,459.5 1 0
github.com/rookie-ninja/rk-fiber/boot/fiber_entry.go:465.46,472.84 2 1
github.com/rookie-ninja/rk-fiber/boot/fiber_entry.go:476.4,476.86 1 1
github.com/rookie-ninja/rk-fiber/boot/fiber_entry.go:480.4,480.69 1 1
github.com/rookie-ninja/rk-fiber/boot/fiber_entry.go:484.4,484.71 1 1
github.com/rookie-ninja/rk-fiber/boot/fiber_entry.go:488.4,488.60 1 1
github.com/rookie-ninja/rk-fiber/boot/fiber_entry.go:472.84,474.5 1 0
github.com/rookie-ninja/rk-fiber/boot/fiber_entry.go:476.86,478.5 1 0
github.com/rookie-ninja/rk-fiber/boot/fiber_entry.go:480.69,482.5 1 0
github.com/rookie-ninja/rk-fiber/boot/fiber_entry.go:484.71,486.5 1 0
github.com/rookie-ninja/rk-fiber/boot/fiber_entry.go:492.47,499.4 2 1
github.com/rookie-ninja/rk-fiber/boot/fiber_entry.go:502.52,505.67 2 1
github.com/rookie-ninja/rk-fiber/boot/fiber_entry.go:509.4,509.75 1 1
github.com/rookie-ninja/rk-fiber/boot/fiber_entry.go:524.4,524.79 1 1
github.com/rookie-ninja/rk-fiber/boot/fiber_entry.go:537.4,542.62 2 1
github.com/rookie-ninja/rk-fiber/boot/fiber_entry.go:505.67,507.5 1 0
github.com/rookie-ninja/rk-fiber/boot/fiber_entry.go:509.75,511.82 2 0
github.com/rookie-ninja/rk-fiber/boot/fiber_entry.go:515.5,515.77 1 0
github.com/rookie-ninja/rk-fiber/boot/fiber_entry.go:521.5,521.84 1 0
github.com/rookie-ninja/rk-fiber/boot/fiber_entry.go:511.82,514.6 1 0
github.com/rookie-ninja/rk-fiber/boot/fiber_entry.go:515.77,519.6 1 0
github.com/rookie-ninja/rk-fiber/boot/fiber_entry.go:524.79,530.90 2 0
github.com/rookie-ninja/rk-fiber/boot/fiber_entry.go:534.5,534.88 1 0
github.com/rookie-ninja/rk-fiber/boot/fiber_entry.go:530.90,532.6 1 0
github.com/rookie-ninja/rk-fiber/boot/fiber_entry.go:546.39,548.52 2 1
github.com/rookie-ninja/rk-fiber/boot/fiber_entry.go:552.4,561.59 2 1
github.com/rookie-ninja/rk-fiber/boot/fiber_entry.go:568.4,568.60 1 1
github.com/rookie-ninja/rk-fiber/boot/fiber_entry.go:548.52,550.5 1 0
github.com/rookie-ninja/rk-fiber/boot/fiber_entry.go:561.59,563.25 2 0
github.com/rookie-ninja/rk-fiber/boot/fiber_entry.go:563.25,565.6 1 0
github.com/rookie-ninja/rk-fiber/boot/fiber_entry.go:572.42,588.4 2 1
github.com/rookie-ninja/rk-fiber/boot/fiber_entry.go:591.40,607.69 3 1
github.com/rookie-ninja/rk-fiber/boot/fiber_entry.go:618.4,620.61 2 1
github.com/rookie-ninja/rk-fiber/boot/fiber_entry.go:608.15,609.36 1 0
github.com/rookie-ninja/rk-fiber/boot/fiber_entry.go:610.18,611.39 1 0
github.com/rookie-ninja/rk-fiber/boot/fiber_entry.go:612.16,613.37 1 0
github.com/rookie-ninja/rk-fiber/boot/fiber_entry.go:614.12,615.40 1 1
github.com/rookie-ninja/rk-fiber/boot/fiber_entry.go:624.40,636.4 2 1
github.com/rookie-ninja/rk-fiber/boot/fiber_entry.go:639.40,646.4 2 1
github.com/rookie-ninja/rk-fiber/boot/fiber_entry.go:649.40,657.22 3 1
github.com/rookie-ninja/rk-fiber/boot/fiber_entry.go:661.4,664.61 3 1
github.com/rookie-ninja/rk-fiber/boot/fiber_entry.go:657.22,659.5 1 1
github.com/rookie-ninja/rk-fiber/boot/fiber_entry.go:669.43,677.54 5 1
github.com/rookie-ninja/rk-fiber/boot/fiber_entry.go:683.4,683.64 1 1
github.com/rookie-ninja/rk-fiber/boot/fiber_entry.go:677.54,681.5 3 0
github.com/rookie-ninja/rk-fiber/boot/fiber_entry.go:687.45,692.57 3 1
github.com/rookie-ninja/rk-fiber/boot/fiber_entry.go:695.4,697.56 2 1
github.com/rookie-ninja/rk-fiber/boot/fiber_entry.go:702.4,702.62 1 1
github.com/rookie-ninja/rk-fiber/boot/fiber_entry.go:692.57,694.5 1 0
github.com/rookie-ninja/rk-fiber/boot/fiber_entry.go:697.56,700.5 2 0
github.com/rookie-ninja/rk-fiber/boot/fiber_entry.go:707.36,712.4 1 1
github.com/rookie-ninja/rk-fiber/boot/fiber_entry.go:716.25,721.4 1 1
github.com/rookie-ninja/rk-fiber/boot/fiber_entry.go:725.29,727.37 2 0
github.com/rookie-ninja/rk-fiber/boot/fiber_entry.go:738.4,743.30 1 0
github.com/rookie-ninja/rk-fiber/boot/fiber_entry.go:728.17,729.46 1 0
github.com/rookie-ninja/rk-fiber/boot/fiber_entry.go:730.17,731.51 1 0
github.com/rookie-ninja/rk-fiber/boot/fiber_entry.go:735.5,735.45 1 0
github.com/rookie-ninja/rk-fiber/boot/fiber_entry.go:731.51,734.6 2 0
github.com/rookie-ninja/rk-fiber/boot/fiber_entry.go:769.63,776.22 2 1
github.com/rookie-ninja/rk-fiber/boot/fiber_entry.go:781.2,784.33 2 1
github.com/rookie-ninja/rk-fiber/boot/fiber_entry.go:788.2,788.35 1 1
github.com/rookie-ninja/rk-fiber/boot/fiber_entry.go:792.2,792.30 1 1
github.com/rookie-ninja/rk-fiber/boot/fiber_entry.go:796.2,798.14 2 1
github.com/rookie-ninja/rk-fiber/boot/fiber_entry.go:776.22,778.3 1 1
github.com/rookie-ninja/rk-fiber/boot/fiber_entry.go:784.33,786.3 1 1
github.com/rookie-ninja/rk-fiber/boot/fiber_entry.go:788.35,790.3 1 1
github.com/rookie-ninja/rk-fiber/boot/fiber_entry.go:792.30,794.3 1 1
github.com/rookie-ninja/rk-fiber/boot/fiber_entry.go:802.57,813.22 5 1
github.com/rookie-ninja/rk-fiber/boot/fiber_entry.go:828.2,828.39 1 1
github.com/rookie-ninja/rk-fiber/boot/fiber_entry.go:833.2,833.25 1 1
github.com/rookie-ninja/rk-fiber/boot/fiber_entry.go:846.2,846.40 1 1
github.com/rookie-ninja/rk-fiber/boot/fiber_entry.go:860.2,860.27 1 1
github.com/rookie-ninja/rk-fiber/boot/fiber_entry.go:869.2,869.36 1 1
github.com/rookie-ninja/rk-fiber/boot/fiber_entry.go:891.2,891.25 1 1
github.com/rookie-ninja/rk-fiber/boot/fiber_entry.go:899.2,900.34 2 1
github.com/rookie-ninja/rk-fiber/boot/fiber_entry.go:926.2,926.55 1 1
github.com/rookie-ninja/rk-fiber/boot/fiber_entry.go:813.22,814.31 1 1
github.com/rookie-ninja/rk-fiber/boot/fiber_entry.go:824.3,824.44 1 1
github.com/rookie-ninja/rk-fiber/boot/fiber_entry.go:814.31,816.4 1 0
github.com/rookie-ninja/rk-fiber/boot/fiber_entry.go:816.9,822.4 1 1
github.com/rookie-ninja/rk-fiber/boot/fiber_entry.go:828.39,830.3 1 1
github.com/rookie-ninja/rk-fiber/boot/fiber_entry.go:833.25,843.3 3 1
github.com/rookie-ninja/rk-fiber/boot/fiber_entry.go:846.40,848.97 1 0
github.com/rookie-ninja/rk-fiber/boot/fiber_entry.go:853.3,856.39 2 0
github.com/rookie-ninja/rk-fiber/boot/fiber_entry.go:848.97,850.4 1 0
github.com/rookie-ninja/rk-fiber/boot/fiber_entry.go:860.27,866.3 2 0
github.com/rookie-ninja/rk-fiber/boot/fiber_entry.go:869.36,888.3 15 0
github.com/rookie-ninja/rk-fiber/boot/fiber_entry.go:891.25,897.3 3 0
github.com/rookie-ninja/rk-fiber/boot/fiber_entry.go:900.34,901.23 1 1
github.com/rookie-ninja/rk-fiber/boot/fiber_entry.go:901.23,903.28 1 1
github.com/rookie-ninja/rk-fiber/boot/fiber_entry.go:903.28,909.50 2 0
github.com/rookie-ninja/rk-fiber/boot/fiber_entry.go:909.50,913.6 3 0
github.com/rookie-ninja/rk-fiber/boot/fiber_entry.go:914.10,917.50 2 1
github.com/rookie-ninja/rk-fiber/boot/fiber_entry.go:917.50,921.6 3 0
github.com/rookie-ninja/rk-fiber/boot/fiber_entry.go:930.57,943.25 6 1
github.com/rookie-ninja/rk-fiber/boot/fiber_entry.go:948.2,948.40 1 1
github.com/rookie-ninja/rk-fiber/boot/fiber_entry.go:953.2,953.27 1 1
github.com/rookie-ninja/rk-fiber/boot/fiber_entry.go:958.2,958.36 1 1
github.com/rookie-ninja/rk-fiber/boot/fiber_entry.go:963.2,963.25 1 1
github.com/rookie-ninja/rk-fiber/boot/fiber_entry.go:968.2,968.22 1 1
github.com/rookie-ninja/rk-fiber/boot/fiber_entry.go:975.2,975.55 1 1
github.com/rookie-ninja/rk-fiber/boot/fiber_entry.go:943.25,946.3 1 1
github.com/rookie-ninja/rk-fiber/boot/fiber_entry.go:948.40,951.3 1 0
github.com/rookie-ninja/rk-fiber/boot/fiber_entry.go:953.27,956.3 1 0
github.com/rookie-ninja/rk-fiber/boot/fiber_entry.go:958.36,961.3 1 0
github.com/rookie-ninja/rk-fiber/boot/fiber_entry.go:963.25,966.3 1 0
github.com/rookie-ninja/rk-fiber/boot/fiber_entry.go:968.22,969.77 1 1
github.com/rookie-ninja/rk-fiber/boot/fiber_entry.go:969.77,972.4 2 0
github.com/rookie-ninja/rk-fiber/boot/fiber_entry.go:979.43,981.2 1 1
github.com/rookie-ninja/rk-fiber/boot/fiber_entry.go:984.43,986.2 1 1
github.com/rookie-ninja/rk-fiber/boot/fiber_entry.go:989.50,991.2 1 1
github.com/rookie-ninja/rk-fiber/boot/fiber_entry.go:994.42,997.2 2 1
github.com/rookie-ninja/rk-fiber/boot/fiber_entry.go:1000.56,1014.28 2 1
github.com/rookie-ninja/rk-fiber/boot/fiber_entry.go:1018.2,1021.36 3 1
github.com/rookie-ninja/rk-fiber/boot/fiber_entry.go:1027.2,1027.25 1 1
github.com/rookie-ninja/rk-fiber/boot/fiber_entry.go:1014.28,1016.3 1 0
github.com/rookie-ninja/rk-fiber/boot/fiber_entry.go:1021.36,1025.3 2 1
github.com/rookie-ninja/rk-fiber/boot/fiber_entry.go:1031.54,1033.2 1 0
github.com/rookie-ninja/rk-fiber/boot/fiber_entry.go:1037.66,1039.2 1 0
github.com/rookie-ninja/rk-fiber/boot/fiber_entry.go:1041.61,1043.2 1 0
github.com/rookie-ninja/rk-fiber/boot/fiber_entry.go:1046.46,1048.2 1 1
github.com/rookie-ninja/rk-fiber/boot/fiber_entry.go:1051.45,1053.2 1 1
github.com/rookie-ninja/rk-fiber/boot/fiber_entry.go:1056.56,1058.2 1 1
github.com/rookie-ninja/rk-fiber/boot/fiber_entry.go:1061.45,1063.2 1 1
github.com/rookie-ninja/rk-fiber/boot/fiber_entry.go:1066.47,1068.2 1 1
github.com/rookie-ninja/rk-fiber/boot/fiber_entry.go:1071.60,1073.2 1 1
github.com/rookie-ninja/rk-fiber/boot/fiber_entry.go:1076.60,1082.2 1 1
github.com/rookie-ninja/rk-fiber/boot/fiber_entry.go:1091.48,1095.27 3 1
github.com/rookie-ninja/rk-fiber/boot/fiber_entry.go:1107.2,1107.12 1 1
github.com/rookie-ninja/rk-fiber/boot/fiber_entry.go:1095.27,1096.23 1 1
github.com/rookie-ninja/rk-fiber/boot/fiber_entry.go:1096.23,1097.31 1 1
github.com/rookie-ninja/rk-fiber/boot/fiber_entry.go:1097.31,1103.5 1 1
github.com/rookie-ninja/rk-fiber/boot/fiber_entry.go:1110.61,1111.39 1 1
github.com/rookie-ninja/rk-fiber/boot/fiber_entry.go:1121.2,1121.14 1 1
github.com/rookie-ninja/rk-fiber/boot/fiber_entry.go:1111.39,1114.32 2 1
github.com/rookie-ninja/rk-fiber/boot/fiber_entry.go:1114.32,1115.42 1 1
github.com/rookie-ninja/rk-fiber/boot/fiber_entry.go:1115.42,1117.5 1 1
github.com/rookie-ninja/rk-fiber/boot/prom_entry.go:88.48,89.32 1 1
github.com/rookie-ninja/rk-fiber/boot/prom_entry.go:89.32,91.3 1 1
github.com/rookie-ninja/rk-fiber/boot/prom_entry.go:95.48,96.32 1 1
github.com/rookie-ninja/rk-fiber/boot/prom_entry.go:96.32,98.3 1 1
github.com/rookie-ninja/rk-fiber/boot/prom_entry.go:102.48,103.32 1 1
github.com/rookie-ninja/rk-fiber/boot/prom_entry.go:103.32,105.3 1 1
github.com/rookie-ninja/rk-fiber/boot/prom_entry.go:109.85,110.32 1 1
github.com/rookie-ninja/rk-fiber/boot/prom_entry.go:110.32,112.3 1 1
github.com/rookie-ninja/rk-fiber/boot/prom_entry.go:116.91,117.32 1 1
github.com/rookie-ninja/rk-fiber/boot/prom_entry.go:117.32,119.3 1 1
github.com/rookie-ninja/rk-fiber/boot/prom_entry.go:123.71,124.32 1 1
github.com/rookie-ninja/rk-fiber/boot/prom_entry.go:124.32,126.3 1 1
github.com/rookie-ninja/rk-fiber/boot/prom_entry.go:130.74,131.32 1 1
github.com/rookie-ninja/rk-fiber/boot/prom_entry.go:131.32,132.22 1 1
github.com/rookie-ninja/rk-fiber/boot/prom_entry.go:132.22,134.4 1 1
github.com/rookie-ninja/rk-fiber/boot/prom_entry.go:139.55,152.22 2 1
github.com/rookie-ninja/rk-fiber/boot/prom_entry.go:157.2,159.25 2 1
github.com/rookie-ninja/rk-fiber/boot/prom_entry.go:164.2,164.41 1 1
github.com/rookie-ninja/rk-fiber/boot/prom_entry.go:168.2,168.33 1 1
github.com/rookie-ninja/rk-fiber/boot/prom_entry.go:172.2,172.35 1 1
github.com/rookie-ninja/rk-fiber/boot/prom_entry.go:176.2,176.27 1 1
github.com/rookie-ninja/rk-fiber/boot/prom_entry.go:181.2,181.14 1 1
github.com/rookie-ninja/rk-fiber/boot/prom_entry.go:152.22,154.3 1 1
github.com/rookie-ninja/rk-fiber/boot/prom_entry.go:159.25,162.3 1 1
github.com/rookie-ninja/rk-fiber/boot/prom_entry.go:164.41,166.3 1 1
github.com/rookie-ninja/rk-fiber/boot/prom_entry.go:168.33,170.3 1 0
github.com/rookie-ninja/rk-fiber/boot/prom_entry.go:172.35,174.3 1 0
github.com/rookie-ninja/rk-fiber/boot/prom_entry.go:176.27,179.3 2 1
github.com/rookie-ninja/rk-fiber/boot/prom_entry.go:185.56,193.55 3 1
github.com/rookie-ninja/rk-fiber/boot/prom_entry.go:198.2,203.25 3 1
github.com/rookie-ninja/rk-fiber/boot/prom_entry.go:207.2,207.66 1 1
github.com/rookie-ninja/rk-fiber/boot/prom_entry.go:193.55,196.3 2 1
github.com/rookie-ninja/rk-fiber/boot/prom_entry.go:203.25,205.3 1 0
github.com/rookie-ninja/rk-fiber/boot/prom_entry.go:211.56,219.55 3 1
github.com/rookie-ninja/rk-fiber/boot/prom_entry.go:224.2,228.25 3 1
github.com/rookie-ninja/rk-fiber/boot/prom_entry.go:232.2,232.65 1 1
github.com/rookie-ninja/rk-fiber/boot/prom_entry.go:219.55,222.3 2 1
github.com/rookie-ninja/rk-fiber/boot/prom_entry.go:228.25,230.3 1 0
github.com/rookie-ninja/rk-fiber/boot/prom_entry.go:236.42,238.2 1 1
github.com/rookie-ninja/rk-fiber/boot/prom_entry.go:241.42,243.2 1 1
github.com/rookie-ninja/rk-fiber/boot/prom_entry.go:246.49,248.2 1 1
github.com/rookie-ninja/rk-fiber/boot/prom_entry.go:251.41,254.2 2 1
github.com/rookie-ninja/rk-fiber/boot/prom_entry.go:257.55,270.2 2 1
github.com/rookie-ninja/rk-fiber/boot/prom_entry.go:273.55,275.2 1 1
github.com/rookie-ninja/rk-fiber/boot/prom_entry.go:277.59,286.25 2 1
github.com/rookie-ninja/rk-fiber/boot/prom_entry.go:286.25,292.3 1 0
github.com/rookie-ninja/rk-fiber/boot/prom_entry.go:296.86,298.28 2 1
github.com/rookie-ninja/rk-fiber/boot/prom_entry.go:304.2,304.12 1 1
github.com/rookie-ninja/rk-fiber/boot/prom_entry.go:298.28,299.76 1 1
github.com/rookie-ninja/rk-fiber/boot/prom_entry.go:299.76,301.4 1 1
github.com/rookie-ninja/rk-fiber/boot/static_file_handler_entry.go:103.63,104.45 1 1
github.com/rookie-ninja/rk-fiber/boot/static_file_handler_entry.go:104.45,105.20 1 1
github.com/rookie-ninja/rk-fiber/boot/static_file_handler_entry.go:105.20,107.4 1 1
github.com/rookie-ninja/rk-fiber/boot/static_file_handler_entry.go:112.106,113.45 1 1
github.com/rookie-ninja/rk-fiber/boot/static_file_handler_entry.go:113.45,115.3 1 1
github.com/rookie-ninja/rk-fiber/boot/static_file_handler_entry.go:119.100,120.45 1 1
github.com/rookie-ninja/rk-fiber/boot/static_file_handler_entry.go:120.45,122.3 1 1
github.com/rookie-ninja/rk-fiber/boot/static_file_handler_entry.go:126.63,127.45 1 1
github.com/rookie-ninja/rk-fiber/boot/static_file_handler_entry.go:127.45,128.20 1 1
github.com/rookie-ninja/rk-fiber/boot/static_file_handler_entry.go:128.20,130.4 1 1
github.com/rookie-ninja/rk-fiber/boot/static_file_handler_entry.go:135.76,136.45 1 1
github.com/rookie-ninja/rk-fiber/boot/static_file_handler_entry.go:136.45,138.3 1 1
github.com/rookie-ninja/rk-fiber/boot/static_file_handler_entry.go:142.94,154.22 2 1
github.com/rookie-ninja/rk-fiber/boot/static_file_handler_entry.go:158.2,158.33 1 1
github.com/rookie-ninja/rk-fiber/boot/static_file_handler_entry.go:162.2,162.35 1 1
github.com/rookie-ninja/rk-fiber/boot/static_file_handler_entry.go:168.2,168.41 1 1
github.com/rookie-ninja/rk-fiber/boot/static_file_handler_entry.go:172.2,172.41 1 1
github.com/rookie-ninja/rk-fiber/boot/static_file_handler_entry.go:176.2,176.30 1 1
github.com/rookie-ninja/rk-fiber/boot/static_file_handler_entry.go:180.2,180.14 1 1
github.com/rookie-ninja/rk-fiber/boot/static_file_handler_entry.go:154.22,156.3 1 1
github.com/rookie-ninja/rk-fiber/boot/static_file_handler_entry.go:158.33,160.3 1 0
github.com/rookie-ninja/rk-fiber/boot/static_file_handler_entry.go:162.35,164.3 1 0
github.com/rookie-ninja/rk-fiber/boot/static_file_handler_entry.go:168.41,170.3 1 0
github.com/rookie-ninja/rk-fiber/boot/static_file_handler_entry.go:172.41,174.3 1 1
github.com/rookie-ninja/rk-fiber/boot/static_file_handler_entry.go:176.30,178.3 1 0
github.com/rookie-ninja/rk-fiber/boot/static_file_handler_entry.go:184.69,192.55 3 1
github.com/rookie-ninja/rk-fiber/boot/static_file_handler_entry.go:197.2,200.104 2 1
github.com/rookie-ninja/rk-fiber/boot/static_file_handler_entry.go:206.2,208.79 2 1
github.com/rookie-ninja/rk-fiber/boot/static_file_handler_entry.go:192.55,195.3 2 1
github.com/rookie-ninja/rk-fiber/boot/static_file_handler_entry.go:200.104,204.3 3 0
github.com/rookie-ninja/rk-fiber/boot/static_file_handler_entry.go:212.69,220.55 3 1
github.com/rookie-ninja/rk-fiber/boot/static_file_handler_entry.go:225.2,229.78 3 1
github.com/rookie-ninja/rk-fiber/boot/static_file_handler_entry.go:220.55,223.3 2 1
github.com/rookie-ninja/rk-fiber/boot/static_file_handler_entry.go:233.55,235.2 1 1
github.com/rookie-ninja/rk-fiber/boot/static_file_handler_entry.go:238.55,240.2 1 1
github.com/rookie-ninja/rk-fiber/boot/static_file_handler_entry.go:243.62,245.2 1 1
github.com/rookie-ninja/rk-fiber/boot/static_file_handler_entry.go:248.54,251.2 2 1
github.com/rookie-ninja/rk-fiber/boot/static_file_handler_entry.go:254.68,265.2 2 1
github.com/rookie-ninja/rk-fiber/boot/static_file_handler_entry.go:268.66,270.2 1 1
github.com/rookie-ninja/rk-fiber/boot/static_file_handler_entry.go:273.72,278.2 1 1
github.com/rookie-ninja/rk-fiber/boot/static_file_handler_entry.go:281.69,282.36 1 1
github.com/rookie-ninja/rk-fiber/boot/static_file_handler_entry.go:282.36,285.17 2 1
github.com/rookie-ninja/rk-fiber/boot/static_file_handler_entry.go:288.3,294.47 4 1
github.com/rookie-ninja/rk-fiber/boot/static_file_handler_entry.go:304.3,305.17 2 1
github.com/rookie-ninja/rk-fiber/boot/static_file_handler_entry.go:315.3,315.23 1 1
github.com/rookie-ninja/rk-fiber/boot/static_file_handler_entry.go:356.3,356.13 1 1
github.com/rookie-ninja/rk-fiber/boot/static_file_handler_entry.go:285.17,287.4 1 1
github.com/rookie-ninja/rk-fiber/boot/static_file_handler_entry.go:294.47,301.4 3 0
github.com/rookie-ninja/rk-fiber/boot/static_file_handler_entry.go:305.17,312.4 3 0
github.com/rookie-ninja/rk-fiber/boot/static_file_handler_entry.go:315.23,319.28 3 1
github.com/rookie-ninja/rk-fiber/boot/static_file_handler_entry.go:330.4,339.77 4 1
[...]
github.com/rookie-ninja/rk-fiber/boot/sw_entry.go:104.20,106.4 1 0
github.com/rookie-ninja/rk-fiber/boot/sw_entry.go:112.43,113.30 1 1
github.com/rookie-ninja/rk-fiber/boot/sw_entry.go:113.30,115.3 1 1
github.com/rookie-ninja/rk-fiber/boot/sw_entry.go:119.56,120.30 1 1
github.com/rookie-ninja/rk-fiber/boot/sw_entry.go:120.30,122.3 1 1
github.com/rookie-ninja/rk-fiber/boot/sw_entry.go:126.76,127.30 1 1
github.com/rookie-ninja/rk-fiber/boot/sw_entry.go:127.30,129.3 1 1
github.com/rookie-ninja/rk-fiber/boot/sw_entry.go:133.82,134.30 1 1
github.com/rookie-ninja/rk-fiber/boot/sw_entry.go:134.30,136.3 1 1
github.com/rookie-ninja/rk-fiber/boot/sw_entry.go:140.54,141.30 1 1
github.com/rookie-ninja/rk-fiber/boot/sw_entry.go:141.30,143.3 1 1
github.com/rookie-ninja/rk-fiber/boot/sw_entry.go:147.44,157.22 2 1
github.com/rookie-ninja/rk-fiber/boot/sw_entry.go:163.2,163.41 1 1
github.com/rookie-ninja/rk-fiber/boot/sw_entry.go:167.2,167.41 1 1
github.com/rookie-ninja/rk-fiber/boot/sw_entry.go:171.2,171.30 1 1
github.com/rookie-ninja/rk-fiber/boot/sw_entry.go:176.2,178.14 2 1
github.com/rookie-ninja/rk-fiber/boot/sw_entry.go:157.22,159.3 1 1
github.com/rookie-ninja/rk-fiber/boot/sw_entry.go:163.41,165.3 1 1
github.com/rookie-ninja/rk-fiber/boot/sw_entry.go:167.41,169.3 1 1
github.com/rookie-ninja/rk-fiber/boot/sw_entry.go:171.30,173.3 1 0
github.com/rookie-ninja/rk-fiber/boot/sw_entry.go:182.54,191.55 3 1
github.com/rookie-ninja/rk-fiber/boot/sw_entry.go:196.2,200.64 3 1
github.com/rookie-ninja/rk-fiber/boot/sw_entry.go:191.55,194.3 2 1
github.com/rookie-ninja/rk-fiber/boot/sw_entry.go:204.54,213.55 3 1
github.com/rookie-ninja/rk-fiber/boot/sw_entry.go:218.2,222.63 3 1
github.com/rookie-ninja/rk-fiber/boot/sw_entry.go:213.55,216.3 2 1
github.com/rookie-ninja/rk-fiber/boot/sw_entry.go:226.40,228.2 1 1
github.com/rookie-ninja/rk-fiber/boot/sw_entry.go:231.40,233.2 1 1
github.com/rookie-ninja/rk-fiber/boot/sw_entry.go:236.47,238.2 1 1
github.com/rookie-ninja/rk-fiber/boot/sw_entry.go:241.39,244.2 2 1
github.com/rookie-ninja/rk-fiber/boot/sw_entry.go:247.53,262.2 2 1
github.com/rookie-ninja/rk-fiber/boot/sw_entry.go:265.51,267.2 1 1
github.com/rookie-ninja/rk-fiber/boot/sw_entry.go:270.57,278.2 1 1
github.com/rookie-ninja/rk-fiber/boot/sw_entry.go:281.57,282.75 1 1
github.com/rookie-ninja/rk-fiber/boot/sw_entry.go:296.2,296.37 1 1
github.com/rookie-ninja/rk-fiber/boot/sw_entry.go:282.75,288.64 4 1
github.com/rookie-ninja/rk-fiber/boot/sw_entry.go:293.3,293.58 1 1
github.com/rookie-ninja/rk-fiber/boot/sw_entry.go:288.64,291.4 2 0
github.com/rookie-ninja/rk-fiber/boot/sw_entry.go:300.57,301.75 1 1
github.com/rookie-ninja/rk-fiber/boot/sw_entry.go:331.2,331.37 1 1
github.com/rookie-ninja/rk-fiber/boot/sw_entry.go:301.75,306.35 3 1
github.com/rookie-ninja/rk-fiber/boot/sw_entry.go:310.3,310.12 1 1
github.com/rookie-ninja/rk-fiber/boot/sw_entry.go:306.35,308.4 1 0
github.com/rookie-ninja/rk-fiber/boot/sw_entry.go:311.14,312.84 1 0
github.com/rookie-ninja/rk-fiber/boot/sw_entry.go:317.34,318.103 1 0
github.com/rookie-ninja/rk-fiber/boot/sw_entry.go:319.11,323.10 3 1
github.com/rookie-ninja/rk-fiber/boot/sw_entry.go:312.84,314.5 1 0
github.com/rookie-ninja/rk-fiber/boot/sw_entry.go:314.10,316.5 1 0
github.com/rookie-ninja/rk-fiber/boot/sw_entry.go:323.10,325.5 1 0
github.com/rookie-ninja/rk-fiber/boot/sw_entry.go:325.10,327.5 1 1
github.com/rookie-ninja/rk-fiber/boot/sw_entry.go:380.43,389.31 3 1
github.com/rookie-ninja/rk-fiber/boot/sw_entry.go:400.2,401.16 2 1
github.com/rookie-ninja/rk-fiber/boot/sw_entry.go:407.2,407.38 1 1
github.com/rookie-ninja/rk-fiber/boot/sw_entry.go:389.31,397.3 3 1
github.com/rookie-ninja/rk-fiber/boot/sw_entry.go:401.16,405.3 2 0
github.com/rookie-ninja/rk-fiber/boot/sw_entry.go:411.67,415.33 3 1
github.com/rookie-ninja/rk-fiber/boot/sw_entry.go:425.2,426.16 2 1
github.com/rookie-ninja/rk-fiber/boot/sw_entry.go:434.2,434.23 1 1
github.com/rookie-ninja/rk-fiber/boot/sw_entry.go:415.33,417.17 2 1
github.com/rookie-ninja/rk-fiber/boot/sw_entry.go:422.3,422.37 1 1
github.com/rookie-ninja/rk-fiber/boot/sw_entry.go:417.17,421.4 2 0
github.com/rookie-ninja/rk-fiber/boot/sw_entry.go:426.16,432.3 2 1
github.com/rookie-ninja/rk-fiber/boot/sw_entry.go:434.23,436.62 2 1
github.com/rookie-ninja/rk-fiber/boot/sw_entry.go:436.62,440.18 3 0
github.com/rookie-ninja/rk-fiber/boot/sw_entry.go:448.4,453.6 2 0
github.com/rookie-ninja/rk-fiber/boot/sw_entry.go:440.18,446.5 2 0
github.com/rookie-ninja/rk-fiber/boot/tv_entry.go:45.13,66.2 20 1
github.com/rookie-ninja/rk-fiber/boot/tv_entry.go:69.48,73.103 3 1
github.com/rookie-ninja/rk-fiber/boot/tv_entry.go:77.2,78.51 2 1
github.com/rookie-ninja/rk-fiber/boot/tv_entry.go:82.2,82.14 1 1
github.com/rookie-ninja/rk-fiber/boot/tv_entry.go:73.103,75.3 1 0
github.com/rookie-ninja/rk-fiber/boot/tv_entry.go:78.51,80.3 1 0
github.com/rookie-ninja/rk-fiber/boot/tv_entry.go:111.44,112.30 1 1
github.com/rookie-ninja/rk-fiber/boot/tv_entry.go:112.30,114.3 1 1
github.com/rookie-ninja/rk-fiber/boot/tv_entry.go:118.87,119.30 1 1
github.com/rookie-ninja/rk-fiber/boot/tv_entry.go:119.30,121.3 1 1
github.com/rookie-ninja/rk-fiber/boot/tv_entry.go:125.81,126.30 1 1
github.com/rookie-ninja/rk-fiber/boot/tv_entry.go:126.30,128.3 1 1
github.com/rookie-ninja/rk-fiber/boot/tv_entry.go:132.49,141.22 2 1
github.com/rookie-ninja/rk-fiber/boot/tv_entry.go:145.2,145.30 1 1
github.com/rookie-ninja/rk-fiber/boot/tv_entry.go:149.2,149.14 1 1
github.com/rookie-ninja/rk-fiber/boot/tv_entry.go:141.22,143.3 1 1
github.com/rookie-ninja/rk-fiber/boot/tv_entry.go:145.30,147.3 1 0
github.com/rookie-ninja/rk-fiber/boot/tv_entry.go:153.57,154.75 1 0
github.com/rookie-ninja/rk-fiber/boot/tv_entry.go:164.2,164.37 1 0
github.com/rookie-ninja/rk-fiber/boot/tv_entry.go:154.75,157.65 2 0
github.com/rookie-ninja/rk-fiber/boot/tv_entry.go:157.65,159.4 1 0
github.com/rookie-ninja/rk-fiber/boot/tv_entry.go:159.9,161.4 1 0
github.com/rookie-ninja/rk-fiber/boot/tv_entry.go:186.54,194.55 3 1
github.com/rookie-ninja/rk-fiber/boot/tv_entry.go:199.2,206.30 4 1
github.com/rookie-ninja/rk-fiber/boot/tv_entry.go:214.2,216.55 2 1
github.com/rookie-ninja/rk-fiber/boot/tv_entry.go:194.55,197.3 2 1
github.com/rookie-ninja/rk-fiber/boot/tv_entry.go:206.30,207.60 1 1
github.com/rookie-ninja/rk-fiber/boot/tv_entry.go:207.60,211.4 3 0
github.com/rookie-ninja/rk-fiber/boot/tv_entry.go:220.54,227.55 3 1
github.com/rookie-ninja/rk-fiber/boot/tv_entry.go:232.2,236.63 3 1
github.com/rookie-ninja/rk-fiber/boot/tv_entry.go:227.55,230.3 2 1
github.com/rookie-ninja/rk-fiber/boot/tv_entry.go:240.40,242.2 1 1
github.com/rookie-ninja/rk-fiber/boot/tv_entry.go:245.40,247.2 1 1
github.com/rookie-ninja/rk-fiber/boot/tv_entry.go:250.47,252.2 1 1
github.com/rookie-ninja/rk-fiber/boot/tv_entry.go:255.39,258.2 2 1
github.com/rookie-ninja/rk-fiber/boot/tv_entry.go:261.53,271.2 2 1
github.com/rookie-ninja/rk-fiber/boot/tv_entry.go:274.51,276.2 1 1
github.com/rookie-ninja/rk-fiber/boot/tv_entry.go:279.57,284.2 1 1
github.com/rookie-ninja/rk-fiber/boot/tv_entry.go:295.48,296.16 1 1
github.com/rookie-ninja/rk-fiber/boot/tv_entry.go:300.2,304.39 3 1
github.com/rookie-ninja/rk-fiber/boot/tv_entry.go:349.2,349.12 1 1
github.com/rookie-ninja/rk-fiber/boot/tv_entry.go:296.16,298.3 1 1
github.com/rookie-ninja/rk-fiber/boot/tv_entry.go:305.44,307.39 2 1
github.com/rookie-ninja/rk-fiber/boot/tv_entry.go:308.14,310.39 2 1
github.com/rookie-ninja/rk-fiber/boot/tv_entry.go:311.17,313.39 2 1
github.com/rookie-ninja/rk-fiber/boot/tv_entry.go:314.17,316.39 2 1
github.com/rookie-ninja/rk-fiber/boot/tv_entry.go:317.15,319.39 2 1
github.com/rookie-ninja/rk-fiber/boot/tv_entry.go:320.12,322.39 2 1
github.com/rookie-ninja/rk-fiber/boot/tv_entry.go:323.13,325.39 2 1
github.com/rookie-ninja/rk-fiber/boot/tv_entry.go:326.20,328.39 2 1
github.com/rookie-ninja/rk-fiber/boot/tv_entry.go:329.14,331.39 2 1
github.com/rookie-ninja/rk-fiber/boot/tv_entry.go:332.14,334.39 2 1
github.com/rookie-ninja/rk-fiber/boot/tv_entry.go:335.17,337.39 2 1
github.com/rookie-ninja/rk-fiber/boot/tv_entry.go:338.14,340.39 2 1
github.com/rookie-ninja/rk-fiber/boot/tv_entry.go:341.13,343.39 2 1
github.com/rookie-ninja/rk-fiber/boot/tv_entry.go:344.10,346.39 2 1
github.com/rookie-ninja/rk-fiber/boot/tv_entry.go:353.114,356.80 2 1
github.com/rookie-ninja/rk-fiber/boot/tv_entry.go:362.2,362.12 1 1
github.com/rookie-ninja/rk-fiber/boot/tv_entry.go:356.80,360.3 3 0
github.com/rookie-ninja/rk-fiber/boot/common_service_entry.go:92.66,93.41 1 1
github.com/rookie-ninja/rk-fiber/boot/common_service_entry.go:93.41,95.3 1 1
github.com/rookie-ninja/rk-fiber/boot/common_service_entry.go:99.109,100.41 1 1
github.com/rookie-ninja/rk-fiber/boot/common_service_entry.go:100.41,102.3 1 1
github.com/rookie-ninja/rk-fiber/boot/common_service_entry.go:106.103,107.41 1 1
github.com/rookie-ninja/rk-fiber/boot/common_service_entry.go:107.41,109.3 1 1
github.com/rookie-ninja/rk-fiber/boot/common_service_entry.go:113.82,122.22 2 1
github.com/rookie-ninja/rk-fiber/boot/common_service_entry.go:126.2,126.33 1 1
github.com/rookie-ninja/rk-fiber/boot/common_service_entry.go:130.2,130.35 1 1
github.com/rookie-ninja/rk-fiber/boot/common_service_entry.go:134.2,134.30 1 1
github.com/rookie-ninja/rk-fiber/boot/common_service_entry.go:138.2,138.14 1 1
github.com/rookie-ninja/rk-fiber/boot/common_service_entry.go:122.22,124.3 1 1
github.com/rookie-ninja/rk-fiber/boot/common_service_entry.go:126.33,128.3 1 1
github.com/rookie-ninja/rk-fiber/boot/common_service_entry.go:130.35,132.3 1 1
github.com/rookie-ninja/rk-fiber/boot/common_service_entry.go:134.30,136.3 1 1
github.com/rookie-ninja/rk-fiber/boot/common_service_entry.go:142.65,151.55 3 1
github.com/rookie-ninja/rk-fiber/boot/common_service_entry.go:156.2,160.75 3 1
github.com/rookie-ninja/rk-fiber/boot/common_service_entry.go:151.55,154.3 2 0
github.com/rookie-ninja/rk-fiber/boot/common_service_entry.go:164.65,172.55 3 1
github.com/rookie-ninja/rk-fiber/boot/common_service_entry.go:177.2,181.74 3 1
github.com/rookie-ninja/rk-fiber/boot/common_service_entry.go:172.55,175.3 2 0
github.com/rookie-ninja/rk-fiber/boot/common_service_entry.go:185.51,187.2 1 1
github.com/rookie-ninja/rk-fiber/boot/common_service_entry.go:190.51,192.2 1 1
github.com/rookie-ninja/rk-fiber/boot/common_service_entry.go:195.50,198.2 2 1
github.com/rookie-ninja/rk-fiber/boot/common_service_entry.go:201.58,203.2 1 0
github.com/rookie-ninja/rk-fiber/boot/common_service_entry.go:206.64,216.2 2 1
github.com/rookie-ninja/rk-fiber/boot/common_service_entry.go:219.62,221.2 1 0
github.com/rookie-ninja/rk-fiber/boot/common_service_entry.go:224.68,229.2 1 1
github.com/rookie-ninja/rk-fiber/boot/common_service_entry.go:232.53,236.2 1 1
github.com/rookie-ninja/rk-fiber/boot/common_service_entry.go:248.64,249.16 1 1
github.com/rookie-ninja/rk-fiber/boot/common_service_entry.go:253.2,254.33 2 1
github.com/rookie-ninja/rk-fiber/boot/common_service_entry.go:249.16,251.3 1 1
github.com/rookie-ninja/rk-fiber/boot/common_service_entry.go:258.43,267.2 4 1
github.com/rookie-ninja/rk-fiber/boot/common_service_entry.go:279.59,280.16 1 1
github.com/rookie-ninja/rk-fiber/boot/common_service_entry.go:284.2,285.28 2 1
github.com/rookie-ninja/rk-fiber/boot/common_service_entry.go:280.16,282.3 1 1
github.com/rookie-ninja/rk-fiber/boot/common_service_entry.go:289.46,291.2 1 1
github.com/rookie-ninja/rk-fiber/boot/common_service_entry.go:303.61,304.16 1 1
github.com/rookie-ninja/rk-fiber/boot/common_service_entry.go:308.2,309.30 2 1
github.com/rookie-ninja/rk-fiber/boot/common_service_entry.go:304.16,306.3 1 1
github.com/rookie-ninja/rk-fiber/boot/common_service_entry.go:313.53,318.61 2 1
github.com/rookie-ninja/rk-fiber/boot/common_service_entry.go:330.2,330.12 1 1
github.com/rookie-ninja/rk-fiber/boot/common_service_entry.go:318.61,328.3 2 1
github.com/rookie-ninja/rk-fiber/boot/common_service_entry.go:343.64,344.16 1 1
github.com/rookie-ninja/rk-fiber/boot/common_service_entry.go:348.2,349.33 2 1
github.com/rookie-ninja/rk-fiber/boot/common_service_entry.go:344.16,346.3 1 1
github.com/rookie-ninja/rk-fiber/boot/common_service_entry.go:353.63,354.42 1 1
github.com/rookie-ninja/rk-fiber/boot/common_service_entry.go:358.2,359.67 2 1
github.com/rookie-ninja/rk-fiber/boot/common_service_entry.go:363.2,364.65 2 1
github.com/rookie-ninja/rk-fiber/boot/common_service_entry.go:368.2,368.74 1 1
github.com/rookie-ninja/rk-fiber/boot/common_service_entry.go:354.42,356.3 1 1
github.com/rookie-ninja/rk-fiber/boot/common_service_entry.go:359.67,361.3 1 1
github.com/rookie-ninja/rk-fiber/boot/common_service_entry.go:364.65,366.3 1 0
github.com/rookie-ninja/rk-fiber/boot/common_service_entry.go:372.51,379.23 3 1
github.com/rookie-ninja/rk-fiber/boot/common_service_entry.go:397.2,397.12 1 1
github.com/rookie-ninja/rk-fiber/boot/common_service_entry.go:379.23,381.25 2 0
github.com/rookie-ninja/rk-fiber/boot/common_service_entry.go:381.25,394.4 3 0
github.com/rookie-ninja/rk-fiber/boot/common_service_entry.go:410.61,411.16 1 1
github.com/rookie-ninja/rk-fiber/boot/common_service_entry.go:415.2,418.30 3 1
github.com/rookie-ninja/rk-fiber/boot/common_service_entry.go:411.16,413.3 1 1
github.com/rookie-ninja/rk-fiber/boot/common_service_entry.go:422.45,430.2 1 1
github.com/rookie-ninja/rk-fiber/boot/common_service_entry.go:442.60,443.16 1 1
github.com/rookie-ninja/rk-fiber/boot/common_service_entry.go:447.2,448.29 2 1
github.com/rookie-ninja/rk-fiber/boot/common_service_entry.go:443.16,445.3 1 1
github.com/rookie-ninja/rk-fiber/boot/common_service_entry.go:452.72,453.25 1 1
github.com/rookie-ninja/rk-fiber/boot/common_service_entry.go:459.2,459.14 1 1
github.com/rookie-ninja/rk-fiber/boot/common_service_entry.go:453.25,454.33 1 1
github.com/rookie-ninja/rk-fiber/boot/common_service_entry.go:454.33,456.4 1 1
github.com/rookie-ninja/rk-fiber/boot/common_service_entry.go:463.49,465.23 2 1
github.com/rookie-ninja/rk-fiber/boot/common_service_entry.go:471.2,472.19 2 0
github.com/rookie-ninja/rk-fiber/boot/common_service_entry.go:478.2,484.23 4 0
github.com/rookie-ninja/rk-fiber/boot/common_service_entry.go:493.2,493.22 1 0
github.com/rookie-ninja/rk-fiber/boot/common_service_entry.go:502.2,504.3 1 0
github.com/rookie-ninja/rk-fiber/boot/common_service_entry.go:465.23,469.3 1 1
github.com/rookie-ninja/rk-fiber/boot/common_service_entry.go:472.19,476.3 1 0
github.com/rookie-ninja/rk-fiber/boot/common_service_entry.go:484.23,486.25 2 0
github.com/rookie-ninja/rk-fiber/boot/common_service_entry.go:486.25,489.4 2 0
github.com/rookie-ninja/rk-fiber/boot/common_service_entry.go:493.22,494.44 1 0
github.com/rookie-ninja/rk-fiber/boot/common_service_entry.go:494.44,499.4 1 0
github.com/rookie-ninja/rk-fiber/boot/common_service_entry.go:517.60,518.16 1 1
github.com/rookie-ninja/rk-fiber/boot/common_service_entry.go:522.2,523.29 2 1
github.com/rookie-ninja/rk-fiber/boot/common_service_entry.go:518.16,520.3 1 1
github.com/rookie-ninja/rk-fiber/boot/common_service_entry.go:527.80,529.19 1 1
github.com/rookie-ninja/rk-fiber/boot/common_service_entry.go:529.19,538.54 3 1
github.com/rookie-ninja/rk-fiber/boot/common_service_entry.go:538.54,540.4 1 1
github.com/rookie-ninja/rk-fiber/boot/common_service_entry.go:540.9,542.4 1 1
github.com/rookie-ninja/rk-fiber/boot/common_service_entry.go:547.57,572.2 10 1
github.com/rookie-ninja/rk-fiber/boot/common_service_entry.go:584.64,585.16 1 1
github.com/rookie-ninja/rk-fiber/boot/common_service_entry.go:589.2,590.33 2 1
github.com/rookie-ninja/rk-fiber/boot/common_service_entry.go:585.16,587.3 1 1
github.com/rookie-ninja/rk-fiber/boot/common_service_entry.go:594.53,602.25 3 1
github.com/rookie-ninja/rk-fiber/boot/common_service_entry.go:629.2,629.12 1 1
github.com/rookie-ninja/rk-fiber/boot/common_service_entry.go:602.25,611.29 3 1
github.com/rookie-ninja/rk-fiber/boot/common_service_entry.go:621.3,621.25 1 1
github.com/rookie-ninja/rk-fiber/boot/common_service_entry.go:626.3,626.47 1 1
github.com/rookie-ninja/rk-fiber/boot/common_service_entry.go:611.29,619.4 7 1
github.com/rookie-ninja/rk-fiber/boot/common_service_entry.go:621.25,624.4 2 1
github.com/rookie-ninja/rk-fiber/boot/common_service_entry.go:642.62,643.16 1 1
github.com/rookie-ninja/rk-fiber/boot/common_service_entry.go:647.2,648.31 2 1
github.com/rookie-ninja/rk-fiber/boot/common_service_entry.go:643.16,645.3 1 1
github.com/rookie-ninja/rk-fiber/boot/common_service_entry.go:652.74,656.19 2 1
github.com/rookie-ninja/rk-fiber/boot/common_service_entry.go:682.2,684.22 2 1
github.com/rookie-ninja/rk-fiber/boot/common_service_entry.go:688.2,688.34 1 1
github.com/rookie-ninja/rk-fiber/boot/common_service_entry.go:656.19,665.53 3 1
github.com/rookie-ninja/rk-fiber/boot/common_service_entry.go:672.3,672.55 1 1
github.com/rookie-ninja/rk-fiber/boot/common_service_entry.go:679.3,679.38 1 1
github.com/rookie-ninja/rk-fiber/boot/common_service_entry.go:665.53,666.31 1 1
github.com/rookie-ninja/rk-fiber/boot/common_service_entry.go:666.31,669.5 2 1
github.com/rookie-ninja/rk-fiber/boot/common_service_entry.go:672.55,673.31 1 1
github.com/rookie-ninja/rk-fiber/boot/common_service_entry.go:673.31,676.5 2 1
github.com/rookie-ninja/rk-fiber/boot/common_service_entry.go:684.22,686.3 1 1
github.com/rookie-ninja/rk-fiber/boot/common_service_entry.go:692.51,697.16 2 1
github.com/rookie-ninja/rk-fiber/boot/common_service_entry.go:701.2,704.12 3 1
github.com/rookie-ninja/rk-fiber/boot/common_service_entry.go:697.16,699.3 1 0
github.com/rookie-ninja/rk-fiber/boot/common_service_entry.go:717.61,718.16 1 1
github.com/rookie-ninja/rk-fiber/boot/common_service_entry.go:722.2,723.30 2 1
github.com/rookie-ninja/rk-fiber/boot/common_service_entry.go:718.16,720.3 1 1
github.com/rookie-ninja/rk-fiber/boot/common_service_entry.go:727.43,728.16 1 1
github.com/rookie-ninja/rk-fiber/boot/common_service_entry.go:732.2,733.21 2 1
github.com/rookie-ninja/rk-fiber/boot/common_service_entry.go:737.2,738.14 2 0
github.com/rookie-ninja/rk-fiber/boot/common_service_entry.go:728.16,730.3 1 1
github.com/rookie-ninja/rk-fiber/boot/common_service_entry.go:733.21,735.3 1 1
github.com/rookie-ninja/rk-fiber/boot/common_service_entry.go:751.61,752.16 1 1
github.com/rookie-ninja/rk-fiber/boot/common_service_entry.go:756.2,757.12 2 1
github.com/rookie-ninja/rk-fiber/boot/common_service_entry.go:752.16,754.3 1 1
github.com/rookie-ninja/rk-fiber/boot/common_service_entry.go:761.50,765.25 3 1
github.com/rookie-ninja/rk-fiber/boot/common_service_entry.go:769.2,771.12 2 1
github.com/rookie-ninja/rk-fiber/boot/common_service_entry.go:765.25,767.3 1 0
github.com/rookie-ninja/rk-fiber/boot/common_service_entry.go:784.64,785.16 1 1
github.com/rookie-ninja/rk-fiber/boot/common_service_entry.go:789.2,790.12 2 1
github.com/rookie-ninja/rk-fiber/boot/common_service_entry.go:785.16,787.3 1 1
github.com/rookie-ninja/rk-fiber/boot/common_service_entry.go:794.57,798.25 3 1
github.com/rookie-ninja/rk-fiber/boot/common_service_entry.go:802.2,804.12 2 1
github.com/rookie-ninja/rk-fiber/boot/common_service_entry.go:798.25,800.3 1 0
github.com/rookie-ninja/rk-fiber/boot/common_service_entry.go:817.63,818.16 1 1
github.com/rookie-ninja/rk-fiber/boot/common_service_entry.go:822.2,823.12 2 1
github.com/rookie-ninja/rk-fiber/boot/common_service_entry.go:818.16,820.3 1 1
github.com/rookie-ninja/rk-fiber/boot/common_service_entry.go:827.55,831.25 3 1
github.com/rookie-ninja/rk-fiber/boot/common_service_entry.go:835.2,837.12 2 1
github.com/rookie-ninja/rk-fiber/boot/common_service_entry.go:831.25,833.3 1 0
github.com/rookie-ninja/rk-fiber/boot/common_service_entry.go:850.60,851.16 1 1
github.com/rookie-ninja/rk-fiber/boot/common_service_entry.go:855.2,856.12 2 1
github.com/rookie-ninja/rk-fiber/boot/common_service_entry.go:851.16,853.3 1 1
github.com/rookie-ninja/rk-fiber/boot/common_service_entry.go:860.49,864.24 3 1
github.com/rookie-ninja/rk-fiber/boot/common_service_entry.go:868.2,879.12 11 1
github.com/rookie-ninja/rk-fiber/boot/common_service_entry.go:864.24,866.3 1 0
