mode: set
github.com/rookie-ninja/rk-fiber/interceptor/auth/interceptor.go:23.58,26.36 2 1
github.com/rookie-ninja/rk-fiber/interceptor/auth/interceptor.go:26.36,36.38 6 1
github.com/rookie-ninja/rk-fiber/interceptor/auth/interceptor.go:44.3,44.20 1 1
github.com/rookie-ninja/rk-fiber/interceptor/auth/interceptor.go:36.38,37.55 1 1
github.com/rookie-ninja/rk-fiber/interceptor/auth/interceptor.go:40.4,41.38 2 1
github.com/rookie-ninja/rk-fiber/interceptor/auth/interceptor.go:37.55,39.5 1 1
github.com/rookie-ninja/rk-fiber/interceptor/cors/interceptor.go:22.58,25.36 2 1
github.com/rookie-ninja/rk-fiber/interceptor/cors/interceptor.go:25.36,34.54 6 1
github.com/rookie-ninja/rk-fiber/interceptor/cors/interceptor.go:38.3,38.49 1 1
github.com/rookie-ninja/rk-fiber/interceptor/cors/interceptor.go:43.3,43.29 1 1
github.com/rookie-ninja/rk-fiber/interceptor/cors/interceptor.go:47.3,47.20 1 1
github.com/rookie-ninja/rk-fiber/interceptor/cors/interceptor.go:34.54,36.4 1 1
github.com/rookie-ninja/rk-fiber/interceptor/cors/interceptor.go:38.49,40.4 1 1
github.com/rookie-ninja/rk-fiber/interceptor/cors/interceptor.go:43.29,45.4 1 1
github.com/rookie-ninja/rk-fiber/interceptor/csrf/interceptor.go:22.58,25.36 2 1
github.com/rookie-ninja/rk-fiber/interceptor/csrf/interceptor.go:25.36,34.38 6 1
github.com/rookie-ninja/rk-fiber/interceptor/csrf/interceptor.go:39.3,39.50 1 1
github.com/rookie-ninja/rk-fiber/interceptor/csrf/interceptor.go:43.3,43.37 1 1
github.com/rookie-ninja/rk-fiber/interceptor/csrf/interceptor.go:67.3,69.20 2 1
github.com/rookie-ninja/rk-fiber/interceptor/csrf/interceptor.go:34.38,37.4 2 1
github.com/rookie-ninja/rk-fiber/interceptor/csrf/interceptor.go:39.50,41.4 1 1
github.com/rookie-ninja/rk-fiber/interceptor/csrf/interceptor.go:43.37,54.44 2 1
github.com/rookie-ninja/rk-fiber/interceptor/csrf/interceptor.go:63.4,63.22 1 1
github.com/rookie-ninja/rk-fiber/interceptor/csrf/interceptor.go:55.31,56.51 1 0
github.com/rookie-ninja/rk-fiber/interceptor/csrf/interceptor.go:57.30,58.50 1 0
github.com/rookie-ninja/rk-fiber/interceptor/csrf/interceptor.go:59.33,60.53 1 1
github.com/rookie-ninja/rk-fiber/interceptor/context/context.go:30.65,32.2 1 1
github.com/rookie-ninja/rk-fiber/interceptor/context/context.go:36.59,37.41 1 1
github.com/rookie-ninja/rk-fiber/interceptor/context/context.go:41.2,41.39 1 1
github.com/rookie-ninja/rk-fiber/interceptor/context/context.go:37.41,39.3 1 1
github.com/rookie-ninja/rk-fiber/interceptor/context/context.go:46.59,47.41 1 1
github.com/rookie-ninja/rk-fiber/interceptor/context/context.go:51.2,51.39 1 1
github.com/rookie-ninja/rk-fiber/interceptor/context/context.go:47.41,49.3 1 1
github.com/rookie-ninja/rk-fiber/interceptor/context/context.go:55.45,56.16 1 1
github.com/rookie-ninja/rk-fiber/interceptor/context/context.go:60.2,60.64 1 1
github.com/rookie-ninja/rk-fiber/interceptor/context/context.go:64.2,64.18 1 1
github.com/rookie-ninja/rk-fiber/interceptor/context/context.go:56.16,58.3 1 1
github.com/rookie-ninja/rk-fiber/interceptor/context/context.go:60.64,62.3 1 1
github.com/rookie-ninja/rk-fiber/interceptor/context/context.go:68.44,69.16 1 1
github.com/rookie-ninja/rk-fiber/interceptor/context/context.go:73.2,73.65 1 1
github.com/rookie-ninja/rk-fiber/interceptor/context/context.go:87.2,87.28 1 1
github.com/rookie-ninja/rk-fiber/interceptor/context/context.go:69.16,71.3 1 1
github.com/rookie-ninja/rk-fiber/interceptor/context/context.go:73.65,77.25 4 1
github.com/rookie-ninja/rk-fiber/interceptor/context/context.go:80.3,80.23 1 1
github.com/rookie-ninja/rk-fiber/interceptor/context/context.go:84.3,84.43 1 1
github.com/rookie-ninja/rk-fiber/interceptor/context/context.go:77.25,79.4 1 1
github.com/rookie-ninja/rk-fiber/interceptor/context/context.go:80.23,82.4 1 1
github.com/rookie-ninja/rk-fiber/interceptor/context/context.go:93.42,94.41 1 1
github.com/rookie-ninja/rk-fiber/interceptor/context/context.go:98.2,98.66 1 1
github.com/rookie-ninja/rk-fiber/interceptor/context/context.go:94.41,96.3 1 1
github.com/rookie-ninja/rk-fiber/interceptor/context/context.go:102.40,103.41 1 1
github.com/rookie-ninja/rk-fiber/interceptor/context/context.go:107.2,107.64 1 1
github.com/rookie-ninja/rk-fiber/interceptor/context/context.go:103.41,105.3 1 1
github.com/rookie-ninja/rk-fiber/interceptor/context/context.go:111.42,112.16 1 1
github.com/rookie-ninja/rk-fiber/interceptor/context/context.go:116.2,116.68 1 1
github.com/rookie-ninja/rk-fiber/interceptor/context/context.go:120.2,120.11 1 1
github.com/rookie-ninja/rk-fiber/interceptor/context/context.go:112.16,114.3 1 1
github.com/rookie-ninja/rk-fiber/interceptor/context/context.go:116.68,118.3 1 1
github.com/rookie-ninja/rk-fiber/interceptor/context/context.go:124.46,127.40 2 1
github.com/rookie-ninja/rk-fiber/interceptor/context/context.go:131.2,133.63 2 1
github.com/rookie-ninja/rk-fiber/interceptor/context/context.go:137.2,137.13 1 1
github.com/rookie-ninja/rk-fiber/interceptor/context/context.go:127.40,129.3 1 1
github.com/rookie-ninja/rk-fiber/interceptor/context/context.go:133.63,135.3 1 1
github.com/rookie-ninja/rk-fiber/interceptor/context/context.go:141.45,142.16 1 1
github.com/rookie-ninja/rk-fiber/interceptor/context/context.go:146.2,146.65 1 1
github.com/rookie-ninja/rk-fiber/interceptor/context/context.go:150.2,150.51 1 1
github.com/rookie-ninja/rk-fiber/interceptor/context/context.go:142.16,144.3 1 1
github.com/rookie-ninja/rk-fiber/interceptor/context/context.go:146.65,148.3 1 1
github.com/rookie-ninja/rk-fiber/interceptor/context/context.go:154.61,155.16 1 1
github.com/rookie-ninja/rk-fiber/interceptor/context/context.go:159.2,159.73 1 1
github.com/rookie-ninja/rk-fiber/interceptor/context/context.go:163.2,163.27 1 1
github.com/rookie-ninja/rk-fiber/interceptor/context/context.go:155.16,157.3 1 1
github.com/rookie-ninja/rk-fiber/interceptor/context/context.go:159.73,161.3 1 1
github.com/rookie-ninja/rk-fiber/interceptor/context/context.go:167.72,168.16 1 1
github.com/rookie-ninja/rk-fiber/interceptor/context/context.go:172.2,172.69 1 1
github.com/rookie-ninja/rk-fiber/interceptor/context/context.go:176.2,176.12 1 1
github.com/rookie-ninja/rk-fiber/interceptor/context/context.go:168.16,170.3 1 1
github.com/rookie-ninja/rk-fiber/interceptor/context/context.go:172.69,174.3 1 1
github.com/rookie-ninja/rk-fiber/interceptor/context/context.go:180.65,181.16 1 1
github.com/rookie-ninja/rk-fiber/interceptor/context/context.go:185.2,187.63 2 1
github.com/rookie-ninja/rk-fiber/interceptor/context/context.go:181.16,183.3 1 1
github.com/rookie-ninja/rk-fiber/interceptor/context/context.go:187.63,189.3 1 1
github.com/rookie-ninja/rk-fiber/interceptor/context/context.go:193.59,203.2 5 1
github.com/rookie-ninja/rk-fiber/interceptor/context/context.go:206.66,207.13 1 1
github.com/rookie-ninja/rk-fiber/interceptor/context/context.go:211.2,211.12 1 1
github.com/rookie-ninja/rk-fiber/interceptor/context/context.go:207.13,209.3 1 1
github.com/rookie-ninja/rk-fiber/interceptor/context/context.go:215.45,216.16 1 1
github.com/rookie-ninja/rk-fiber/interceptor/context/context.go:220.2,220.67 1 1
github.com/rookie-ninja/rk-fiber/interceptor/context/context.go:226.2,226.12 1 1
github.com/rookie-ninja/rk-fiber/interceptor/context/context.go:216.16,218.3 1 1
github.com/rookie-ninja/rk-fiber/interceptor/context/context.go:220.67,221.38 1 1
github.com/rookie-ninja/rk-fiber/interceptor/context/context.go:221.38,223.4 1 1
github.com/rookie-ninja/rk-fiber/interceptor/context/context.go:230.42,231.16 1 1
github.com/rookie-ninja/rk-fiber/interceptor/context/context.go:235.2,235.68 1 1
github.com/rookie-ninja/rk-fiber/interceptor/context/context.go:241.2,241.11 1 1
github.com/rookie-ninja/rk-fiber/interceptor/context/context.go:231.16,233.3 1 1
github.com/rookie-ninja/rk-fiber/interceptor/context/context.go:235.68,236.34 1 1
github.com/rookie-ninja/rk-fiber/interceptor/context/context.go:236.34,238.4 1 1
github.com/rookie-ninja/rk-fiber/interceptor/jwt/interceptor.go:22.57,25.36 2 1
github.com/rookie-ninja/rk-fiber/interceptor/jwt/interceptor.go:25.36,35.38 6 1
github.com/rookie-ninja/rk-fiber/interceptor/jwt/interceptor.go:41.3,43.20 2 1
github.com/rookie-ninja/rk-fiber/interceptor/jwt/interceptor.go:35.38,38.4 2 1
github.com/rookie-ninja/rk-fiber/interceptor/log/zap/interceptor.go:21.57,24.36 2 1
github.com/rookie-ninja/rk-fiber/interceptor/log/zap/interceptor.go:24.36,46.3 11 1
github.com/rookie-ninja/rk-fiber/interceptor/meta/interceptor.go:18.58,21.36 2 1
github.com/rookie-ninja/rk-fiber/interceptor/meta/interceptor.go:21.36,29.54 5 1
github.com/rookie-ninja/rk-fiber/interceptor/meta/interceptor.go:33.3,33.20 1 1
github.com/rookie-ninja/rk-fiber/interceptor/meta/interceptor.go:29.54,31.4 1 1
github.com/rookie-ninja/rk-fiber/interceptor/panic/interceptor.go:19.59,22.36 2 1
github.com/rookie-ninja/rk-fiber/interceptor/panic/interceptor.go:22.36,25.48 2 1
github.com/rookie-ninja/rk-fiber/interceptor/panic/interceptor.go:29.3,34.20 4 1
github.com/rookie-ninja/rk-fiber/interceptor/panic/interceptor.go:25.48,28.4 2 1
github.com/rookie-ninja/rk-fiber/interceptor/ratelimit/interceptor.go:19.59,22.36 2 1
github.com/rookie-ninja/rk-fiber/interceptor/ratelimit/interceptor.go:22.36,31.38 6 1
github.com/rookie-ninja/rk-fiber/interceptor/ratelimit/interceptor.go:36.3,36.20 1 1
github.com/rookie-ninja/rk-fiber/interceptor/ratelimit/interceptor.go:31.38,34.4 2 1
github.com/rookie-ninja/rk-fiber/interceptor/metrics/prom/interceptor.go:20.61,23.36 2 1
github.com/rookie-ninja/rk-fiber/interceptor/metrics/prom/interceptor.go:23.36,38.3 9 1
github.com/rookie-ninja/rk-fiber/interceptor/secure/interceptor.go:22.57,25.36 2 1
github.com/rookie-ninja/rk-fiber/interceptor/secure/interceptor.go:25.36,35.54 6 1
github.com/rookie-ninja/rk-fiber/interceptor/secure/interceptor.go:39.3,39.20 1 1
github.com/rookie-ninja/rk-fiber/interceptor/secure/interceptor.go:35.54,37.4 1 1
github.com/rookie-ninja/rk-fiber/interceptor/timeout/interceptor.go:20.61,23.36 2 1
github.com/rookie-ninja/rk-fiber/interceptor/timeout/interceptor.go:23.36,48.3 13 1
github.com/rookie-ninja/rk-fiber/interceptor/timeout/interceptor.go:57.45,58.16 1 1
github.com/rookie-ninja/rk-fiber/interceptor/timeout/interceptor.go:58.16,61.3 2 1
github.com/rookie-ninja/rk-fiber/interceptor/timeout/interceptor.go:64.44,65.16 1 1
github.com/rookie-ninja/rk-fiber/interceptor/timeout/interceptor.go:65.17,65.18 0 1
github.com/rookie-ninja/rk-fiber/interceptor/timeout/interceptor.go:68.43,69.16 1 1
github.com/rookie-ninja/rk-fiber/interceptor/timeout/interceptor.go:69.17,69.18 0 0
github.com/rookie-ninja/rk-fiber/interceptor/timeout/interceptor.go:72.42,73.16 1 1
github.com/rookie-ninja/rk-fiber/interceptor/timeout/interceptor.go:73.16,75.3 1 1
github.com/rookie-ninja/rk-fiber/interceptor/timeout/interceptor.go:78.42,79.16 1 1
github.com/rookie-ninja/rk-fiber/interceptor/timeout/interceptor.go:79.17,79.18 0 1
github.com/rookie-ninja/rk-fiber/interceptor/tracing/telemetry/interceptor.go:20.59,23.36 2 1
github.com/rookie-ninja/rk-fiber/interceptor/tracing/telemetry/interceptor.go:23.36,38.35 10 1
github.com/rookie-ninja/rk-fiber/interceptor/tracing/telemetry/interceptor.go:45.3,50.13 4 1
github.com/rookie-ninja/rk-fiber/interceptor/tracing/telemetry/interceptor.go:38.35,43.4 4 1
github.com/rookie-ninja/rk-fiber/boot/fiber_entry.go:64.13,66.2 1 1
github.com/rookie-ninja/rk-fiber/boot/fiber_entry.go:144.85,152.30 4 1
github.com/rookie-ninja/rk-fiber/boot/fiber_entry.go:280.2,280.12 1 1
github.com/rookie-ninja/rk-fiber/boot/fiber_entry.go:152.30,154.23 2 1
github.com/rookie-ninja/rk-fiber/boot/fiber_entry.go:158.3,161.28 3 1
github.com/rookie-ninja/rk-fiber/boot/fiber_entry.go:165.3,166.30 2 1
github.com/rookie-ninja/rk-fiber/boot/fiber_entry.go:171.3,194.46 8 1
github.com/rookie-ninja/rk-fiber/boot/fiber_entry.go:201.3,201.47 1 1
github.com/rookie-ninja/rk-fiber/boot/fiber_entry.go:208.3,208.52 1 1
github.com/rookie-ninja/rk-fiber/boot/fiber_entry.go:214.3,214.39 1 1
github.com/rookie-ninja/rk-fiber/boot/fiber_entry.go:220.3,220.42 1 1
github.com/rookie-ninja/rk-fiber/boot/fiber_entry.go:226.3,226.40 1 1
github.com/rookie-ninja/rk-fiber/boot/fiber_entry.go:232.3,232.40 1 1
github.com/rookie-ninja/rk-fiber/boot/fiber_entry.go:238.3,238.40 1 1
github.com/rookie-ninja/rk-fiber/boot/fiber_entry.go:244.3,244.40 1 1
github.com/rookie-ninja/rk-fiber/boot/fiber_entry.go:250.3,250.43 1 1
github.com/rookie-ninja/rk-fiber/boot/fiber_entry.go:256.3,256.45 1 1
github.com/rookie-ninja/rk-fiber/boot/fiber_entry.go:261.3,277.20 3 1
github.com/rookie-ninja/rk-fiber/boot/fiber_entry.go:154.23,155.12 1 1
github.com/rookie-ninja/rk-fiber/boot/fiber_entry.go:161.28,163.4 1 1
github.com/rookie-ninja/rk-fiber/boot/fiber_entry.go:166.30,168.4 1 1
github.com/rookie-ninja/rk-fiber/boot/fiber_entry.go:194.46,198.4 1 1
github.com/rookie-ninja/rk-fiber/boot/fiber_entry.go:201.47,205.4 1 1
github.com/rookie-ninja/rk-fiber/boot/fiber_entry.go:208.52,211.4 1 1
github.com/rookie-ninja/rk-fiber/boot/fiber_entry.go:214.39,217.4 1 1
github.com/rookie-ninja/rk-fiber/boot/fiber_entry.go:220.42,223.4 1 1
github.com/rookie-ninja/rk-fiber/boot/fiber_entry.go:226.40,229.4 1 1
github.com/rookie-ninja/rk-fiber/boot/fiber_entry.go:232.40,235.4 1 1
github.com/rookie-ninja/rk-fiber/boot/fiber_entry.go:238.40,241.4 1 1
github.com/rookie-ninja/rk-fiber/boot/fiber_entry.go:244.40,247.4 1 1
github.com/rookie-ninja/rk-fiber/boot/fiber_entry.go:250.43,253.4 1 1
github.com/rookie-ninja/rk-fiber/boot/fiber_entry.go:256.45,259.4 1 1
github.com/rookie-ninja/rk-fiber/boot/fiber_entry.go:284.63,291.22 2 1
github.com/rookie-ninja/rk-fiber/boot/fiber_entry.go:296.2,299.33 2 1
github.com/rookie-ninja/rk-fiber/boot/fiber_entry.go:303.2,303.35 1 1
github.com/rookie-ninja/rk-fiber/boot/fiber_entry.go:307.2,307.30 1 1
github.com/rookie-ninja/rk-fiber/boot/fiber_entry.go:311.2,313.14 2 1
github.com/rookie-ninja/rk-fiber/boot/fiber_entry.go:291.22,293.3 1 1
github.com/rookie-ninja/rk-fiber/boot/fiber_entry.go:299.33,301.3 1 1
github.com/rookie-ninja/rk-fiber/boot/fiber_entry.go:303.35,305.3 1 1
github.com/rookie-ninja/rk-fiber/boot/fiber_entry.go:307.30,309.3 1 1
github.com/rookie-ninja/rk-fiber/boot/fiber_entry.go:317.57,320.22 2 1
github.com/rookie-ninja/rk-fiber/boot/fiber_entry.go:335.2,335.39 1 1
github.com/rookie-ninja/rk-fiber/boot/fiber_entry.go:340.2,340.25 1 1
github.com/rookie-ninja/rk-fiber/boot/fiber_entry.go:347.2,347.40 1 1
github.com/rookie-ninja/rk-fiber/boot/fiber_entry.go:361.2,361.27 1 1
github.com/rookie-ninja/rk-fiber/boot/fiber_entry.go:370.2,370.36 1 1
github.com/rookie-ninja/rk-fiber/boot/fiber_entry.go:393.2,393.25 1 1
github.com/rookie-ninja/rk-fiber/boot/fiber_entry.go:401.2,403.55 2 1
github.com/rookie-ninja/rk-fiber/boot/fiber_entry.go:320.22,321.31 1 1
github.com/rookie-ninja/rk-fiber/boot/fiber_entry.go:331.3,331.44 1 1
github.com/rookie-ninja/rk-fiber/boot/fiber_entry.go:321.31,323.4 1 0
github.com/rookie-ninja/rk-fiber/boot/fiber_entry.go:323.9,329.4 1 1
github.com/rookie-ninja/rk-fiber/boot/fiber_entry.go:335.39,337.3 1 1
github.com/rookie-ninja/rk-fiber/boot/fiber_entry.go:340.25,344.3 3 1
github.com/rookie-ninja/rk-fiber/boot/fiber_entry.go:347.40,349.97 1 1
github.com/rookie-ninja/rk-fiber/boot/fiber_entry.go:354.3,357.39 2 1
github.com/rookie-ninja/rk-fiber/boot/fiber_entry.go:349.97,351.4 1 0
github.com/rookie-ninja/rk-fiber/boot/fiber_entry.go:361.27,367.3 2 1
github.com/rookie-ninja/rk-fiber/boot/fiber_entry.go:370.36,390.3 15 1
github.com/rookie-ninja/rk-fiber/boot/fiber_entry.go:393.25,399.3 3 1
github.com/rookie-ninja/rk-fiber/boot/fiber_entry.go:408.79,409.22 1 1
github.com/rookie-ninja/rk-fiber/boot/fiber_entry.go:409.22,411.27 1 1
github.com/rookie-ninja/rk-fiber/boot/fiber_entry.go:411.27,417.49 2 1
github.com/rookie-ninja/rk-fiber/boot/fiber_entry.go:417.49,421.5 3 0
github.com/rookie-ninja/rk-fiber/boot/fiber_entry.go:422.9,425.49 2 1
github.com/rookie-ninja/rk-fiber/boot/fiber_entry.go:425.49,429.5 3 0
github.com/rookie-ninja/rk-fiber/boot/fiber_entry.go:435.57,438.25 2 1
github.com/rookie-ninja/rk-fiber/boot/fiber_entry.go:443.2,443.40 1 1
github.com/rookie-ninja/rk-fiber/boot/fiber_entry.go:448.2,448.27 1 1
github.com/rookie-ninja/rk-fiber/boot/fiber_entry.go:453.2,453.36 1 1
github.com/rookie-ninja/rk-fiber/boot/fiber_entry.go:458.2,458.25 1 1
github.com/rookie-ninja/rk-fiber/boot/fiber_entry.go:463.2,463.22 1 1
github.com/rookie-ninja/rk-fiber/boot/fiber_entry.go:470.2,470.55 1 1
github.com/rookie-ninja/rk-fiber/boot/fiber_entry.go:438.25,441.3 1 1
github.com/rookie-ninja/rk-fiber/boot/fiber_entry.go:443.40,446.3 1 1
github.com/rookie-ninja/rk-fiber/boot/fiber_entry.go:448.27,451.3 1 1
github.com/rookie-ninja/rk-fiber/boot/fiber_entry.go:453.36,456.3 1 1
github.com/rookie-ninja/rk-fiber/boot/fiber_entry.go:458.25,461.3 1 1
github.com/rookie-ninja/rk-fiber/boot/fiber_entry.go:463.22,464.77 1 1
github.com/rookie-ninja/rk-fiber/boot/fiber_entry.go:464.77,467.4 2 0
github.com/rookie-ninja/rk-fiber/boot/fiber_entry.go:474.43,476.2 1 1
github.com/rookie-ninja/rk-fiber/boot/fiber_entry.go:479.43,481.2 1 1
github.com/rookie-ninja/rk-fiber/boot/fiber_entry.go:484.50,486.2 1 1
github.com/rookie-ninja/rk-fiber/boot/fiber_entry.go:489.42,492.2 2 1
github.com/rookie-ninja/rk-fiber/boot/fiber_entry.go:497.56,511.28 2 1
github.com/rookie-ninja/rk-fiber/boot/fiber_entry.go:515.2,518.36 3 1
github.com/rookie-ninja/rk-fiber/boot/fiber_entry.go:524.2,524.25 1 1
github.com/rookie-ninja/rk-fiber/boot/fiber_entry.go:511.28,513.3 1 1
github.com/rookie-ninja/rk-fiber/boot/fiber_entry.go:518.36,522.3 2 1
github.com/rookie-ninja/rk-fiber/boot/fiber_entry.go:528.54,530.2 1 1
github.com/rookie-ninja/rk-fiber/boot/fiber_entry.go:535.45,537.21 2 1
github.com/rookie-ninja/rk-fiber/boot/fiber_entry.go:541.2,542.14 2 1
github.com/rookie-ninja/rk-fiber/boot/fiber_entry.go:537.21,539.3 1 1
github.com/rookie-ninja/rk-fiber/boot/fiber_entry.go:547.66,549.2 1 1
github.com/rookie-ninja/rk-fiber/boot/fiber_entry.go:552.61,554.2 1 0
github.com/rookie-ninja/rk-fiber/boot/fiber_entry.go:557.46,559.2 1 1
github.com/rookie-ninja/rk-fiber/boot/fiber_entry.go:562.45,564.2 1 1
github.com/rookie-ninja/rk-fiber/boot/fiber_entry.go:567.56,569.2 1 1
github.com/rookie-ninja/rk-fiber/boot/fiber_entry.go:572.45,574.2 1 1
github.com/rookie-ninja/rk-fiber/boot/fiber_entry.go:577.47,579.2 1 1
github.com/rookie-ninja/rk-fiber/boot/fiber_entry.go:582.60,584.2 1 1
github.com/rookie-ninja/rk-fiber/boot/fiber_entry.go:590.47,592.2 1 0
github.com/rookie-ninja/rk-fiber/boot/fiber_entry.go:601.48,605.27 3 1
github.com/rookie-ninja/rk-fiber/boot/fiber_entry.go:617.2,617.12 1 1
github.com/rookie-ninja/rk-fiber/boot/fiber_entry.go:605.27,606.23 1 1
github.com/rookie-ninja/rk-fiber/boot/fiber_entry.go:606.23,607.31 1 1
github.com/rookie-ninja/rk-fiber/boot/fiber_entry.go:607.31,613.5 1 1
github.com/rookie-ninja/rk-fiber/boot/fiber_entry.go:622.61,623.39 1 1
github.com/rookie-ninja/rk-fiber/boot/fiber_entry.go:633.2,633.14 1 1
github.com/rookie-ninja/rk-fiber/boot/fiber_entry.go:623.39,626.32 2 1
github.com/rookie-ninja/rk-fiber/boot/fiber_entry.go:626.32,627.42 1 1
github.com/rookie-ninja/rk-fiber/boot/fiber_entry.go:627.42,629.5 1 1
github.com/rookie-ninja/rk-fiber/boot/fiber_entry.go:637.86,651.25 4 1
github.com/rookie-ninja/rk-fiber/boot/fiber_entry.go:658.2,658.36 1 1
github.com/rookie-ninja/rk-fiber/boot/fiber_entry.go:665.2,665.25 1 1
github.com/rookie-ninja/rk-fiber/boot/fiber_entry.go:672.2,672.27 1 1
github.com/rookie-ninja/rk-fiber/boot/fiber_entry.go:680.2,680.40 1 1
github.com/rookie-ninja/rk-fiber/boot/fiber_entry.go:687.2,687.26 1 1
github.com/rookie-ninja/rk-fiber/boot/fiber_entry.go:692.2,694.22 2 1
github.com/rookie-ninja/rk-fiber/boot/fiber_entry.go:651.25,655.3 1 1
github.com/rookie-ninja/rk-fiber/boot/fiber_entry.go:658.36,662.3 1 1
github.com/rookie-ninja/rk-fiber/boot/fiber_entry.go:665.25,669.3 1 1
github.com/rookie-ninja/rk-fiber/boot/fiber_entry.go:672.27,677.3 1 1
github.com/rookie-ninja/rk-fiber/boot/fiber_entry.go:680.40,684.3 1 1
github.com/rookie-ninja/rk-fiber/boot/fiber_entry.go:687.26,690.3 1 1
github.com/rookie-ninja/rk-fiber/boot/fiber_entry.go:700.53,705.2 3 1
github.com/rookie-ninja/rk-fiber/boot/fiber_entry.go:708.52,711.2 2 1
github.com/rookie-ninja/rk-fiber/boot/fiber_entry.go:714.51,719.39 3 1
github.com/rookie-ninja/rk-fiber/boot/fiber_entry.go:728.2,728.12 1 1
github.com/rookie-ninja/rk-fiber/boot/fiber_entry.go:720.14,722.39 2 1
github.com/rookie-ninja/rk-fiber/boot/fiber_entry.go:723.10,725.39 2 1
github.com/rookie-ninja/rk-fiber/boot/fiber_entry.go:732.64,733.26 1 1
github.com/rookie-ninja/rk-fiber/boot/fiber_entry.go:737.2,738.67 2 0
github.com/rookie-ninja/rk-fiber/boot/fiber_entry.go:742.2,743.65 2 0
github.com/rookie-ninja/rk-fiber/boot/fiber_entry.go:747.2,747.74 1 0
github.com/rookie-ninja/rk-fiber/boot/fiber_entry.go:733.26,735.3 1 1
github.com/rookie-ninja/rk-fiber/boot/fiber_entry.go:738.67,740.3 1 0
github.com/rookie-ninja/rk-fiber/boot/fiber_entry.go:743.65,745.3 1 0
github.com/rookie-ninja/rk-fiber/boot/fiber_entry.go:751.71,757.24 3 1
github.com/rookie-ninja/rk-fiber/boot/fiber_entry.go:770.2,770.12 1 1
github.com/rookie-ninja/rk-fiber/boot/fiber_entry.go:757.24,768.3 3 1
github.com/rookie-ninja/rk-fiber/boot/fiber_entry.go:774.92,775.25 1 1
github.com/rookie-ninja/rk-fiber/boot/fiber_entry.go:781.2,781.14 1 1
github.com/rookie-ninja/rk-fiber/boot/fiber_entry.go:775.25,776.33 1 1
github.com/rookie-ninja/rk-fiber/boot/fiber_entry.go:776.33,778.4 1 1
github.com/rookie-ninja/rk-fiber/boot/fiber_entry.go:785.69,787.23 2 1
github.com/rookie-ninja/rk-fiber/boot/fiber_entry.go:793.2,794.19 2 1
github.com/rookie-ninja/rk-fiber/boot/fiber_entry.go:800.2,806.24 4 1
github.com/rookie-ninja/rk-fiber/boot/fiber_entry.go:812.2,812.22 1 1
github.com/rookie-ninja/rk-fiber/boot/fiber_entry.go:821.2,823.3 1 1
github.com/rookie-ninja/rk-fiber/boot/fiber_entry.go:787.23,791.3 1 0
github.com/rookie-ninja/rk-fiber/boot/fiber_entry.go:794.19,798.3 1 0
github.com/rookie-ninja/rk-fiber/boot/fiber_entry.go:806.24,809.3 2 1
github.com/rookie-ninja/rk-fiber/boot/fiber_entry.go:812.22,813.50 1 1
github.com/rookie-ninja/rk-fiber/boot/fiber_entry.go:813.50,818.4 1 1
github.com/rookie-ninja/rk-fiber/boot/fiber_entry.go:832.45,833.33 1 1
github.com/rookie-ninja/rk-fiber/boot/fiber_entry.go:833.33,835.3 1 1
github.com/rookie-ninja/rk-fiber/boot/fiber_entry.go:839.59,840.33 1 1
github.com/rookie-ninja/rk-fiber/boot/fiber_entry.go:840.33,842.3 1 1
github.com/rookie-ninja/rk-fiber/boot/fiber_entry.go:846.45,847.33 1 1
github.com/rookie-ninja/rk-fiber/boot/fiber_entry.go:847.33,849.3 1 1
github.com/rookie-ninja/rk-fiber/boot/fiber_entry.go:853.77,854.33 1 1
github.com/rookie-ninja/rk-fiber/boot/fiber_entry.go:854.33,856.3 1 1
github.com/rookie-ninja/rk-fiber/boot/fiber_entry.go:860.83,861.33 1 1
github.com/rookie-ninja/rk-fiber/boot/fiber_entry.go:861.33,863.3 1 1
github.com/rookie-ninja/rk-fiber/boot/fiber_entry.go:867.67,868.33 1 1
github.com/rookie-ninja/rk-fiber/boot/fiber_entry.go:868.33,870.3 1 1
github.com/rookie-ninja/rk-fiber/boot/fiber_entry.go:874.56,875.33 1 1
github.com/rookie-ninja/rk-fiber/boot/fiber_entry.go:875.33,877.3 1 1
github.com/rookie-ninja/rk-fiber/boot/fiber_entry.go:881.94,882.33 1 1
github.com/rookie-ninja/rk-fiber/boot/fiber_entry.go:882.33,884.3 1 1
github.com/rookie-ninja/rk-fiber/boot/fiber_entry.go:888.65,889.33 1 1
github.com/rookie-ninja/rk-fiber/boot/fiber_entry.go:889.33,890.32 1 1
github.com/rookie-ninja/rk-fiber/boot/fiber_entry.go:894.3,894.61 1 1
github.com/rookie-ninja/rk-fiber/boot/fiber_entry.go:890.32,892.4 1 1
github.com/rookie-ninja/rk-fiber/boot/fiber_entry.go:899.62,900.33 1 1
github.com/rookie-ninja/rk-fiber/boot/fiber_entry.go:900.33,902.3 1 1
github.com/rookie-ninja/rk-fiber/boot/fiber_entry.go:906.95,907.33 1 1
github.com/rookie-ninja/rk-fiber/boot/fiber_entry.go:907.33,909.3 1 1
github.com/rookie-ninja/rk-fiber/boot/fiber_entry.go:913.61,914.33 1 1
github.com/rookie-ninja/rk-fiber/boot/fiber_entry.go:914.33,916.3 1 1
github.com/rookie-ninja/rk-fiber/boot/fiber_entry.go:920.59,921.33 1 0
github.com/rookie-ninja/rk-fiber/boot/fiber_entry.go:921.33,923.3 1 0
